<?xml version="1.0" encoding="UTF-8"?>
<testsuites xmlns:a="http://www.gallio.org/" xmlns:functx="http://www.functx.com">
   <testsuite skipped="0" failures="0" errors="0" time="0" tests="2"
              name="iCRM.Framework.Test.Converters.ViewModeToVisibilityConverterTest">
      <testcase time="0" name="ViewModeToVisibilityConverterConvertBackTest"
                classname="iCRM.Framework.Test.Converters.ViewModeToVisibilityConverterTest"/>
      <testcase time="0" name="ViewModeToVisibilityConverterConvertTest"
                classname="iCRM.Framework.Test.Converters.ViewModeToVisibilityConverterTest"/>
   </testsuite>
   <testsuite skipped="0" failures="0" errors="0" time="0" tests="3"
              name="iCRM.Framework.Test.iCRMGoogleGeoServiceTest">
      <testcase time="0" name="GoToTest"
                classname="iCRM.Framework.Test.iCRMGoogleGeoServiceTest"/>
      <testcase time="0" name="iCRMGoogleGeoServiceConstructorTest"
                classname="iCRM.Framework.Test.iCRMGoogleGeoServiceTest"/>
      <testcase time="0" name="PrepareAddressTest"
                classname="iCRM.Framework.Test.iCRMGoogleGeoServiceTest"/>
   </testsuite>
   <testsuite skipped="0" failures="0" errors="0" time="0" tests="6"
              name="iCRM.Framework.Test.Services.iCRMLoggerTest">
      <testcase time="0" name="ILoggerAccessDeniedTest"
                classname="iCRM.Framework.Test.Services.iCRMLoggerTest"/>
      <testcase time="0" name="ILoggerPerformanceServiceTest"
                classname="iCRM.Framework.Test.Services.iCRMLoggerTest"/>
      <testcase time="0" name="ILoggerFailureServiceTest"
                classname="iCRM.Framework.Test.Services.iCRMLoggerTest"/>
      <testcase time="0" name="ILoggerPerformanceCommandTest"
                classname="iCRM.Framework.Test.Services.iCRMLoggerTest"/>
      <testcase time="0" name="ILoggerErrorMemberTest"
                classname="iCRM.Framework.Test.Services.iCRMLoggerTest"/>
      <testcase time="0" name="ILoggerFailureCommandTest"
                classname="iCRM.Framework.Test.Services.iCRMLoggerTest"/>
   </testsuite>
   <testsuite skipped="0" failures="0" errors="0" time="0" tests="2"
              name="iCRM.Framework.Test.Converters.BoolToVisibilityConverterTest">
      <testcase time="0" name="BoolToVisibilityConverterConvertBackTest"
                classname="iCRM.Framework.Test.Converters.BoolToVisibilityConverterTest"/>
      <testcase time="0" name="BoolToVisibilityConverterConvertTest"
                classname="iCRM.Framework.Test.Converters.BoolToVisibilityConverterTest"/>
   </testsuite>
   <testsuite skipped="0" failures="0" errors="0" time="0" tests="2"
              name="iCRM.Framework.Test.Converters.BoolToOrientationHorizontalConverterTest">
      <testcase time="0" name="BoolToOrientationHorizontalConverterConvertBackTest"
                classname="iCRM.Framework.Test.Converters.BoolToOrientationHorizontalConverterTest"/>
      <testcase time="0" name="BoolToOrientationHorizontalConverterConvertTest"
                classname="iCRM.Framework.Test.Converters.BoolToOrientationHorizontalConverterTest"/>
   </testsuite>
   <testsuite skipped="0" failures="0" errors="0" time="0" tests="2"
              name="iCRM.Framework.Test.Converters.NullToHiddenConverterTest">
      <testcase time="0" name="NullToHiddenConverterConvertBackTest"
                classname="iCRM.Framework.Test.Converters.NullToHiddenConverterTest"/>
      <testcase time="0" name="NullToHiddenConverterConvertTest"
                classname="iCRM.Framework.Test.Converters.NullToHiddenConverterTest"/>
   </testsuite>
   <testsuite skipped="0" failures="0" errors="0" time="0" tests="12"
              name="iCRM.Framework.Test.ConfigurationElementCollectionTest">
      <testcase time="0" name="AddTest"
                classname="iCRM.Framework.Test.ConfigurationElementCollectionTest"/>
      <testcase time="0" name="CountTest"
                classname="iCRM.Framework.Test.ConfigurationElementCollectionTest"/>
      <testcase time="0" name="CreateNewElementTest"
                classname="iCRM.Framework.Test.ConfigurationElementCollectionTest"/>
      <testcase time="0" name="GetElementKeyTest"
                classname="iCRM.Framework.Test.ConfigurationElementCollectionTest"/>
      <testcase time="0" name="BaseAddTest"
                classname="iCRM.Framework.Test.ConfigurationElementCollectionTest"/>
      <testcase time="0" name="RemoveAtTest"
                classname="iCRM.Framework.Test.ConfigurationElementCollectionTest"/>
      <testcase time="0" name="ConfigurationElementCollectionConstructorTest"
                classname="iCRM.Framework.Test.ConfigurationElementCollectionTest"/>
      <testcase time="0" name="ItemByIndexTest"
                classname="iCRM.Framework.Test.ConfigurationElementCollectionTest"/>
      <testcase time="0" name="ClearTest"
                classname="iCRM.Framework.Test.ConfigurationElementCollectionTest"/>
      <testcase time="0" name="IndexOfTest"
                classname="iCRM.Framework.Test.ConfigurationElementCollectionTest"/>
      <testcase time="0" name="RemoveTest"
                classname="iCRM.Framework.Test.ConfigurationElementCollectionTest"/>
      <testcase time="0" name="ItemTest"
                classname="iCRM.Framework.Test.ConfigurationElementCollectionTest"/>
   </testsuite>
   <testsuite skipped="0" failures="0" errors="0" time="0" tests="2"
              name="iCRM.Framework.Test.Converters.FallbackValueConverterTest">
      <testcase time="0" name="FallbackValueConverterConvertBackTest"
                classname="iCRM.Framework.Test.Converters.FallbackValueConverterTest"/>
      <testcase time="0" name="FallbackValueConverterConvertTest"
                classname="iCRM.Framework.Test.Converters.FallbackValueConverterTest"/>
   </testsuite>
   <testsuite skipped="0" failures="0" errors="0" time="0" tests="2"
              name="iCRM.Framework.Test.Converters.ComputeRightDateConverterTest">
      <testcase time="0" name="ComputeRightDateConverterConvertBackTest"
                classname="iCRM.Framework.Test.Converters.ComputeRightDateConverterTest"/>
      <testcase time="0" name="ComputeRightDateConverterConvertTest"
                classname="iCRM.Framework.Test.Converters.ComputeRightDateConverterTest"/>
   </testsuite>
   <testsuite skipped="0" failures="0" errors="0" time="0" tests="2"
              name="iCRM.Framework.Test.Converters.NotNullToVisibilityConverterTest">
      <testcase time="0" name="NotNullToVisibilityConverterConvertBackTest"
                classname="iCRM.Framework.Test.Converters.NotNullToVisibilityConverterTest"/>
      <testcase time="0" name="NotNullToVisibilityConverterConvertTest"
                classname="iCRM.Framework.Test.Converters.NotNullToVisibilityConverterTest"/>
   </testsuite>
   <testsuite skipped="0" failures="0" errors="0" time="0" tests="2"
              name="iCRM.Framework.Test.Converters.NullOrEmptyStringToBoolConverterTest">
      <testcase time="0" name="NullOrEmptyStringToBoolConverterConvertBackTest"
                classname="iCRM.Framework.Test.Converters.NullOrEmptyStringToBoolConverterTest"/>
      <testcase time="0" name="NullOrEmptyStringToBoolConverterConvertTest"
                classname="iCRM.Framework.Test.Converters.NullOrEmptyStringToBoolConverterTest"/>
   </testsuite>
   <testsuite skipped="0" failures="0" errors="0" time="0" tests="2"
              name="iCRM.Framework.Test.Converters.BoolToBoldConverterTest">
      <testcase time="0" name="BoolToBoldConverterTestConvertTest"
                classname="iCRM.Framework.Test.Converters.BoolToBoldConverterTest"/>
      <testcase time="0" name="BoolToBoldConverterConvertBackTest"
                classname="iCRM.Framework.Test.Converters.BoolToBoldConverterTest"/>
   </testsuite>
   <testsuite skipped="0" failures="0" errors="0" time="0" tests="2"
              name="iCRM.Framework.Test.Converters.LogicalAndConverterTest">
      <testcase time="0" name="LogicalAndConverterConvertBackTest"
                classname="iCRM.Framework.Test.Converters.LogicalAndConverterTest"/>
      <testcase time="0" name="LogicalAndConverterConvertTest"
                classname="iCRM.Framework.Test.Converters.LogicalAndConverterTest"/>
   </testsuite>
   <testsuite skipped="0" failures="0" errors="0" time="0" tests="5"
              name="iCRM.Framework.Test.Models.ModelTest">
      <testcase time="0" name="ErrorTest" classname="iCRM.Framework.Test.Models.ModelTest"/>
      <testcase time="0" name="EntityNameTest" classname="iCRM.Framework.Test.Models.ModelTest"/>
      <testcase time="0" name="CancelEditTest" classname="iCRM.Framework.Test.Models.ModelTest"/>
      <testcase time="0" name="TestGetHachecode"
                classname="iCRM.Framework.Test.Models.ModelTest"/>
      <testcase time="0" name="IsValidTest" classname="iCRM.Framework.Test.Models.ModelTest"/>
   </testsuite>
   <testsuite skipped="0" failures="0" errors="0" time="0" tests="3"
              name="iCRM.Framework.Test.iCRMBingGeoServiceTest">
      <testcase time="0" name="PrepareAddressTest"
                classname="iCRM.Framework.Test.iCRMBingGeoServiceTest"/>
      <testcase time="0" name="GoToTest" classname="iCRM.Framework.Test.iCRMBingGeoServiceTest"/>
      <testcase time="0" name="iCRMBingGeoServiceConstructorTest"
                classname="iCRM.Framework.Test.iCRMBingGeoServiceTest"/>
   </testsuite>
   <testsuite skipped="0" failures="0" errors="0" time="0" tests="3"
              name="iCRM.Framework.Test.ValidationRules.CheckApplicationRexexSimpleTest">
      <testcase time="0" name="CorrectTest"
                classname="iCRM.Framework.Test.ValidationRules.CheckApplicationRexexSimpleTest"/>
      <testcase time="0" name="InCorrectTest"
                classname="iCRM.Framework.Test.ValidationRules.CheckApplicationRexexSimpleTest"/>
      <testcase time="0" name="NotTreatedTest"
                classname="iCRM.Framework.Test.ValidationRules.CheckApplicationRexexSimpleTest"/>
   </testsuite>
   <testsuite skipped="0" failures="0" errors="0" time="0" tests="2"
              name="iCRM.Framework.Test.Converters.DataWrapperConverterTest">
      <testcase time="0" name="DataWrapperConverterConvertTest"
                classname="iCRM.Framework.Test.Converters.DataWrapperConverterTest"/>
      <testcase time="0" name="DataWrapperConverterConvertBackTest"
                classname="iCRM.Framework.Test.Converters.DataWrapperConverterTest"/>
   </testsuite>
   <testsuite skipped="0" failures="0" errors="0" time="0" tests="2"
              name="iCRM.Framework.Test.Converters.DebugConverterTest">
      <testcase time="0" name="CDebugConverterConvertTest"
                classname="iCRM.Framework.Test.Converters.DebugConverterTest"/>
      <testcase time="0" name="DebugConverterConvertBackTest"
                classname="iCRM.Framework.Test.Converters.DebugConverterTest"/>
   </testsuite>
   <testsuite skipped="0" failures="0" errors="0" time="0" tests="2"
              name="iCRM.Framework.Test.Converters.ViewModeToBoolConverterTest">
      <testcase time="0" name="ViewModeToBoolConverterConvertTest"
                classname="iCRM.Framework.Test.Converters.ViewModeToBoolConverterTest"/>
      <testcase time="0" name="ViewModeToBoolConverterConvertBackTest"
                classname="iCRM.Framework.Test.Converters.ViewModeToBoolConverterTest"/>
   </testsuite>
   <testsuite skipped="0" failures="0" errors="0" time="0" tests="3"
              name="iCRM.Framework.Test.ContextProviderTest">
      <testcase time="0" name="ContextProviderConstructorTestWithKey"
                classname="iCRM.Framework.Test.ContextProviderTest"/>
      <testcase time="0" name="ContextProviderConstructorTest"
                classname="iCRM.Framework.Test.ContextProviderTest"/>
      <testcase time="0" name="IsDefaultTest"
                classname="iCRM.Framework.Test.ContextProviderTest"/>
   </testsuite>
   <testsuite skipped="0" failures="0" errors="0" time="0" tests="2"
              name="iCRM.Framework.Test.Converters.GetTypeConverterTest">
      <testcase time="0" name="GetTypeConverterConvertTest"
                classname="iCRM.Framework.Test.Converters.GetTypeConverterTest"/>
      <testcase time="0" name="GetTypeConverterConvertBackTest"
                classname="iCRM.Framework.Test.Converters.GetTypeConverterTest"/>
   </testsuite>
   <testsuite skipped="0" failures="0" errors="0" time="0" tests="3"
              name="iCRM.Framework.Test.ValidationRules.CheckApplicationRuleSimpleTest">
      <testcase time="0" name="CorrectTest"
                classname="iCRM.Framework.Test.ValidationRules.CheckApplicationRuleSimpleTest"/>
      <testcase time="0" name="NotTreatedTest"
                classname="iCRM.Framework.Test.ValidationRules.CheckApplicationRuleSimpleTest"/>
      <testcase time="0" name="IncorrectTest"
                classname="iCRM.Framework.Test.ValidationRules.CheckApplicationRuleSimpleTest"/>
   </testsuite>
   <testsuite skipped="0" failures="0" errors="0" time="0" tests="2"
              name="iCRM.Framework.Test.Converters.DisplayDateConverterTest">
      <testcase time="0" name="DisplayDateConverterConvertTest"
                classname="iCRM.Framework.Test.Converters.DisplayDateConverterTest"/>
      <testcase time="0" name="DisplayDateConverterConvertBackTest"
                classname="iCRM.Framework.Test.Converters.DisplayDateConverterTest"/>
   </testsuite>
   <testsuite skipped="0" failures="0" errors="0" time="0" tests="2"
              name="iCRM.Framework.Test.Converters.CheckBoxConverterTest">
      <testcase time="0" name="CheckBoxConverterConvertTest"
                classname="iCRM.Framework.Test.Converters.CheckBoxConverterTest"/>
      <testcase time="0" name="CheckBoxConverterConvertBackTest"
                classname="iCRM.Framework.Test.Converters.CheckBoxConverterTest"/>
   </testsuite>
   <testsuite skipped="0" failures="0" errors="0" time="0" tests="2"
              name="iCRM.Framework.Test.Converters.MenuIconConverterTest">
      <testcase time="0" name="MenuIconConverterConvertBackTest"
                classname="iCRM.Framework.Test.Converters.MenuIconConverterTest"/>
      <testcase time="0" name="MenuIconConverterConvertTest"
                classname="iCRM.Framework.Test.Converters.MenuIconConverterTest"/>
   </testsuite>
   <testsuite skipped="0" failures="0" errors="0" time="0" tests="2"
              name="iCRM.Framework.Test.Converters.DecimalToKilosMegasStringConverterTest">
      <testcase time="0" name="CDecimalToKilosMegasStringConverterConvertTest"
                classname="iCRM.Framework.Test.Converters.DecimalToKilosMegasStringConverterTest"/>
      <testcase time="0" name="DecimalToKilosMegasStringConverterConvertBackTest"
                classname="iCRM.Framework.Test.Converters.DecimalToKilosMegasStringConverterTest"/>
   </testsuite>
   <testsuite skipped="0" failures="0" errors="0" time="0" tests="1"
              name="iCRM.Framework.Test.Application.ApplicationInfoTest">
      <testcase time="0" name="GetApplicationInfoTest"
                classname="iCRM.Framework.Test.Application.ApplicationInfoTest"/>
   </testsuite>
   <testsuite skipped="0" failures="0" errors="0" time="0" tests="2"
              name="iCRM.Framework.Test.Converters.StringEmptyToNullConverterTest">
      <testcase time="0" name="StringEmptyToNullConverterConvertBackTest"
                classname="iCRM.Framework.Test.Converters.StringEmptyToNullConverterTest"/>
      <testcase time="0" name="StringEmptyToNullConverterConvertTest"
                classname="iCRM.Framework.Test.Converters.StringEmptyToNullConverterTest"/>
   </testsuite>
   <testsuite skipped="0" failures="0" errors="0" time="0" tests="2"
              name="iCRM.Framework.Test.Converters.BoolToToolBarSizeConverterTest">
      <testcase time="0" name="BoolToToolBarSizeConverterConvertBackTest"
                classname="iCRM.Framework.Test.Converters.BoolToToolBarSizeConverterTest"/>
      <testcase time="0" name="BoolToToolBarSizeConverterConvertTest"
                classname="iCRM.Framework.Test.Converters.BoolToToolBarSizeConverterTest"/>
   </testsuite>
   <testsuite skipped="0" failures="0" errors="0" time="0" tests="2"
              name="iCRM.Framework.Test.Converters.NullOrEmptyToStringConverterTest">
      <testcase time="0" name="NullOrEmptyToStringConverterConvertBackTest"
                classname="iCRM.Framework.Test.Converters.NullOrEmptyToStringConverterTest"/>
      <testcase time="0" name="NullOrEmptyToStringConverterConvertTest"
                classname="iCRM.Framework.Test.Converters.NullOrEmptyToStringConverterTest"/>
   </testsuite>
   <testsuite skipped="0" failures="0" errors="0" time="0" tests="2"
              name="iCRM.Framework.Test.Converters.BoolInverterConverterTest">
      <testcase time="0" name="BoolInverterConverterConvertTest"
                classname="iCRM.Framework.Test.Converters.BoolInverterConverterTest"/>
      <testcase time="0" name="BoolInverterConverterConvertBackTest"
                classname="iCRM.Framework.Test.Converters.BoolInverterConverterTest"/>
   </testsuite>
   <testsuite skipped="0" failures="0" errors="0" time="0" tests="2"
              name="iCRM.Framework.Test.Converters.NullToBoolConverterTest">
      <testcase time="0" name="NullToBoolConverterConvertTest"
                classname="iCRM.Framework.Test.Converters.NullToBoolConverterTest"/>
      <testcase time="0" name="NullToBoolConverterConvertBackTest"
                classname="iCRM.Framework.Test.Converters.NullToBoolConverterTest"/>
   </testsuite>
   <testsuite skipped="0" failures="0" errors="0" time="0" tests="1"
              name="iCRM.Framework.Test.Commanding.iCRMSimpleCommandTest">
      <testcase time="0" name="TestSimpleTest"
                classname="iCRM.Framework.Test.Commanding.iCRMSimpleCommandTest"/>
   </testsuite>
   <testsuite skipped="0" failures="0" errors="0" time="0" tests="8"
              name="iCRM.Models.Test.DealModelTest">
      <testcase time="0" name="TestAdvisoryStatus" classname="iCRM.Models.Test.DealModelTest"/>
      <testcase time="0" name="CheckGCMPricingForExecutedDeals"
                classname="iCRM.Models.Test.DealModelTest"/>
      <testcase time="0" name="CheckGCMSuccessProbability"
                classname="iCRM.Models.Test.DealModelTest"/>
      <testcase time="0" name="TestOtherProductMandatory"
                classname="iCRM.Models.Test.DealModelTest"/>
      <testcase time="0" name="CheckGCMStatus" classname="iCRM.Models.Test.DealModelTest"/>
      <testcase time="0" name="TestAdvisoryClosedReason"
                classname="iCRM.Models.Test.DealModelTest"/>
      <testcase time="0" name="TestDealStageManagement"
                classname="iCRM.Models.Test.DealModelTest"/>
      <testcase time="0" name="CheckGCMType" classname="iCRM.Models.Test.DealModelTest"/>
   </testsuite>
   <testsuite skipped="0" failures="0" errors="0" time="0" tests="1"
              name="iCRM.Models.IsMandatoryTest">
      <testcase time="0" name="MandatoryTest" classname="iCRM.Models.IsMandatoryTest"/>
   </testsuite>
   <testsuite skipped="0" failures="0" errors="0" time="0" tests="3"
              name="iCRM.Models.IsDirtyTest">
      <testcase time="0" name="IsDirtyForSimplePropertiesTest"
                classname="iCRM.Models.IsDirtyTest"/>
      <testcase time="0" name="CancelTest" classname="iCRM.Models.IsDirtyTest"/>
      <testcase time="0" name="IsDirtyForModelPropertiesTest"
                classname="iCRM.Models.IsDirtyTest"/>
   </testsuite>
   <testsuite skipped="0" failures="0" errors="0" time="0" tests="1"
              name="iCRM.Framework.Test.ValidationRules.CheckValidationRuleTest">
      <testcase time="0" name="CheckChildRuleTest"
                classname="iCRM.Framework.Test.ValidationRules.CheckValidationRuleTest"/>
   </testsuite>
   <testsuite skipped="0" failures="40" errors="0" time="0" tests="45"
              name="iCRM.Services.CRM.Test.DealTest">
      <testcase time="0" name="GetDealUserModels" classname="iCRM.Services.CRM.Test.DealTest">
         <failure message="Test method iCRM.Services.CRM.Test.DealTest.GetDealUserModels threw exception: &#xA;System.Exception: Assigning the value False on property new_isfeg entity Microsoft.Xrm.Client.CrmEntity to raise an exception. ---&gt; System.ArgumentException: The property logical name 'new_isfeg' does not exist. Ensure you have typed the name correctly or review your CRM schema.&#xA;Parameter name: propertyLogicalName&#xA;    at Microsoft.Xrm.Client.CrmEntity.SetPropertyValue(String propertyLogicalName, Object value)&#xA;   at Microsoft.Xrm.Client.CrmEntity.Microsoft.Xrm.Client.ICrmEntity.SetPropertyValue(String propertyLogicalName, Object value)&#xA;   at iCRM.Services.CRM.Extensions.ICrmEntityExtensions.iCrmSetPropertyValue(ICrmEntity entity, String propertyLogicalName, Object value) in d:\Applis\Jenkins\workspace\crm client main continuous\iCRM\iCRM\iCRM.Services.CRM\Helper\ICrmEntityExtensions.cs:line 149&#xA; --- End of inner exception stack trace ---&#xA;    at iCRM.Services.CRM.Extensions.ICrmEntityExtensions.iCrmSetPropertyValue(ICrmEntity entity, String propertyLogicalName, Object value) in d:\Applis\Jenkins\workspace\crm client main continuous\iCRM\iCRM\iCRM.Services.CRM\Helper\ICrmEntityExtensions.cs:line 153&#xA;   at iCRM.Services.CRM.Extensions.ICrmEntityExtensions.SetByModelStandardAttributes(ICrmEntity entity, DealModel model) in d:\Applis\Jenkins\workspace\crm client main continuous\iCRM\iCRM\iCRM.Services.CRM\Helper\ICrmEntityExtensions.Deal.cs:line 1090&#xA;   at iCRM.Services.CRM.Extensions.ICrmEntityExtensions.SetByModel(ICrmEntity entity, DealModel model, Boolean entityIdRequired) in d:\Applis\Jenkins\workspace\crm client main continuous\iCRM\iCRM\iCRM.Services.CRM\Helper\ICrmEntityExtensions.Deal.cs:line 1067&#xA;   at iCRM.Services.CRM.iCRMDealService.CreateDeal(DealModel DealToCreate) in d:\Applis\Jenkins\workspace\crm client main continuous\iCRM\iCRM\iCRM.Services.CRM\Modules\Deals\iCRMDealService.Deal.cs:line 1856&#xA;   at iCRM.Services.CRM.Test.DealTest.GetDealUserModels() in d:\Applis\Jenkins\workspace\crm client main continuous\iCRM\iCRM\iCRM.Services.CRM.Test\Deals\DealTest.cs:line 880&#xA;"/>
      </testcase>
      <testcase time="0" name="CreatePersonalNoteForDeal"
                classname="iCRM.Services.CRM.Test.DealTest">
         <failure message="Test method iCRM.Services.CRM.Test.DealTest.CreatePersonalNoteForDeal threw exception: &#xA;System.Exception: Assigning the value False on property new_isfeg entity Microsoft.Xrm.Client.CrmEntity to raise an exception. ---&gt; System.ArgumentException: The property logical name 'new_isfeg' does not exist. Ensure you have typed the name correctly or review your CRM schema.&#xA;Parameter name: propertyLogicalName&#xA;    at Microsoft.Xrm.Client.CrmEntity.SetPropertyValue(String propertyLogicalName, Object value)&#xA;   at Microsoft.Xrm.Client.CrmEntity.Microsoft.Xrm.Client.ICrmEntity.SetPropertyValue(String propertyLogicalName, Object value)&#xA;   at iCRM.Services.CRM.Extensions.ICrmEntityExtensions.iCrmSetPropertyValue(ICrmEntity entity, String propertyLogicalName, Object value) in d:\Applis\Jenkins\workspace\crm client main continuous\iCRM\iCRM\iCRM.Services.CRM\Helper\ICrmEntityExtensions.cs:line 149&#xA; --- End of inner exception stack trace ---&#xA;    at iCRM.Services.CRM.Extensions.ICrmEntityExtensions.iCrmSetPropertyValue(ICrmEntity entity, String propertyLogicalName, Object value) in d:\Applis\Jenkins\workspace\crm client main continuous\iCRM\iCRM\iCRM.Services.CRM\Helper\ICrmEntityExtensions.cs:line 153&#xA;   at iCRM.Services.CRM.Extensions.ICrmEntityExtensions.SetByModelStandardAttributes(ICrmEntity entity, DealModel model) in d:\Applis\Jenkins\workspace\crm client main continuous\iCRM\iCRM\iCRM.Services.CRM\Helper\ICrmEntityExtensions.Deal.cs:line 1090&#xA;   at iCRM.Services.CRM.Extensions.ICrmEntityExtensions.SetByModel(ICrmEntity entity, DealModel model, Boolean entityIdRequired) in d:\Applis\Jenkins\workspace\crm client main continuous\iCRM\iCRM\iCRM.Services.CRM\Helper\ICrmEntityExtensions.Deal.cs:line 1067&#xA;   at iCRM.Services.CRM.iCRMDealService.CreateDeal(DealModel DealToCreate) in d:\Applis\Jenkins\workspace\crm client main continuous\iCRM\iCRM\iCRM.Services.CRM\Modules\Deals\iCRMDealService.Deal.cs:line 1856&#xA;   at iCRM.Services.CRM.Test.DealTest.CreatePersonalNoteForDeal() in d:\Applis\Jenkins\workspace\crm client main continuous\iCRM\iCRM\iCRM.Services.CRM.Test\Deals\DealTest.cs:line 1136&#xA;"/>
      </testcase>
      <testcase time="0" name="ActivateDeactivateDeal"
                classname="iCRM.Services.CRM.Test.DealTest">
         <failure message="Assert.Fail failed. An error has occured : Assigning the value False on property new_isfeg entity Microsoft.Xrm.Client.CrmEntity to raise an exception.,   at iCRM.Services.CRM.Extensions.ICrmEntityExtensions.iCrmSetPropertyValue(ICrmEntity entity, String propertyLogicalName, Object value) in d:\Applis\Jenkins\workspace\crm client main continuous\iCRM\iCRM\iCRM.Services.CRM\Helper\ICrmEntityExtensions.cs:line 153&#xA;   at iCRM.Services.CRM.Extensions.ICrmEntityExtensions.SetByModelStandardAttributes(ICrmEntity entity, DealModel model) in d:\Applis\Jenkins\workspace\crm client main continuous\iCRM\iCRM\iCRM.Services.CRM\Helper\ICrmEntityExtensions.Deal.cs:line 1090&#xA;   at iCRM.Services.CRM.Extensions.ICrmEntityExtensions.SetByModel(ICrmEntity entity, DealModel model, Boolean entityIdRequired) in d:\Applis\Jenkins\workspace\crm client main continuous\iCRM\iCRM\iCRM.Services.CRM\Helper\ICrmEntityExtensions.Deal.cs:line 1067&#xA;   at iCRM.Services.CRM.iCRMDealService.CreateDeal(DealModel DealToCreate) in d:\Applis\Jenkins\workspace\crm client main continuous\iCRM\iCRM\iCRM.Services.CRM\Modules\Deals\iCRMDealService.Deal.cs:line 1856&#xA;   at iCRM.Services.CRM.iCRMDealService.SaveCore(DealModel entity) in d:\Applis\Jenkins\workspace\crm client main continuous\iCRM\iCRM\iCRM.Services.CRM\Modules\Deals\iCRMDealService.Generic.cs:line 58&#xA;   at iCRM.Services.CRM.CrmServiceBase`1.Save(TModel entity) in d:\Applis\Jenkins\workspace\crm client main continuous\iCRM\iCRM\iCRM.Services.CRM\CrmServiceBase.Generic.cs:line 119&#xA;   at iCRM.Services.CRM.Test.DealTest.ActivateDeactivateDeal() in d:\Applis\Jenkins\workspace\crm client main continuous\iCRM\iCRM\iCRM.Services.CRM.Test\Deals\DealTest.cs:line 1286&#xA;   at iCRM.Services.CRM.Test.DealTest.ActivateDeactivateDeal() in d:\Applis\Jenkins\workspace\crm client main continuous\iCRM\iCRM\iCRM.Services.CRM.Test\Deals\DealTest.cs:line 1295&#xA;"/>
      </testcase>
      <testcase time="0" name="DetachContact" classname="iCRM.Services.CRM.Test.DealTest">
         <failure message="Test method iCRM.Services.CRM.Test.DealTest.DetachContact threw exception: &#xA;System.Exception: Assigning the value False on property new_isfeg entity Microsoft.Xrm.Client.CrmEntity to raise an exception. ---&gt; System.ArgumentException: The property logical name 'new_isfeg' does not exist. Ensure you have typed the name correctly or review your CRM schema.&#xA;Parameter name: propertyLogicalName&#xA;    at Microsoft.Xrm.Client.CrmEntity.SetPropertyValue(String propertyLogicalName, Object value)&#xA;   at Microsoft.Xrm.Client.CrmEntity.Microsoft.Xrm.Client.ICrmEntity.SetPropertyValue(String propertyLogicalName, Object value)&#xA;   at iCRM.Services.CRM.Extensions.ICrmEntityExtensions.iCrmSetPropertyValue(ICrmEntity entity, String propertyLogicalName, Object value) in d:\Applis\Jenkins\workspace\crm client main continuous\iCRM\iCRM\iCRM.Services.CRM\Helper\ICrmEntityExtensions.cs:line 149&#xA; --- End of inner exception stack trace ---&#xA;    at iCRM.Services.CRM.Extensions.ICrmEntityExtensions.iCrmSetPropertyValue(ICrmEntity entity, String propertyLogicalName, Object value) in d:\Applis\Jenkins\workspace\crm client main continuous\iCRM\iCRM\iCRM.Services.CRM\Helper\ICrmEntityExtensions.cs:line 153&#xA;   at iCRM.Services.CRM.Extensions.ICrmEntityExtensions.SetByModelStandardAttributes(ICrmEntity entity, DealModel model) in d:\Applis\Jenkins\workspace\crm client main continuous\iCRM\iCRM\iCRM.Services.CRM\Helper\ICrmEntityExtensions.Deal.cs:line 1090&#xA;   at iCRM.Services.CRM.Extensions.ICrmEntityExtensions.SetByModel(ICrmEntity entity, DealModel model, Boolean entityIdRequired) in d:\Applis\Jenkins\workspace\crm client main continuous\iCRM\iCRM\iCRM.Services.CRM\Helper\ICrmEntityExtensions.Deal.cs:line 1067&#xA;   at iCRM.Services.CRM.iCRMDealService.CreateDeal(DealModel DealToCreate) in d:\Applis\Jenkins\workspace\crm client main continuous\iCRM\iCRM\iCRM.Services.CRM\Modules\Deals\iCRMDealService.Deal.cs:line 1856&#xA;   at iCRM.Services.CRM.Test.DealTest.DetachContact() in d:\Applis\Jenkins\workspace\crm client main continuous\iCRM\iCRM\iCRM.Services.CRM.Test\Deals\DealTest.cs:line 330&#xA;"/>
      </testcase>
      <testcase time="0" name="DeleteDealContactRelationCore"
                classname="iCRM.Services.CRM.Test.DealTest">
         <failure message="Test method iCRM.Services.CRM.Test.DealTest.DeleteDealContactRelationCore threw exception: &#xA;System.Exception: Assigning the value False on property new_isfeg entity Microsoft.Xrm.Client.CrmEntity to raise an exception. ---&gt; System.ArgumentException: The property logical name 'new_isfeg' does not exist. Ensure you have typed the name correctly or review your CRM schema.&#xA;Parameter name: propertyLogicalName&#xA;    at Microsoft.Xrm.Client.CrmEntity.SetPropertyValue(String propertyLogicalName, Object value)&#xA;   at Microsoft.Xrm.Client.CrmEntity.Microsoft.Xrm.Client.ICrmEntity.SetPropertyValue(String propertyLogicalName, Object value)&#xA;   at iCRM.Services.CRM.Extensions.ICrmEntityExtensions.iCrmSetPropertyValue(ICrmEntity entity, String propertyLogicalName, Object value) in d:\Applis\Jenkins\workspace\crm client main continuous\iCRM\iCRM\iCRM.Services.CRM\Helper\ICrmEntityExtensions.cs:line 149&#xA; --- End of inner exception stack trace ---&#xA;    at iCRM.Services.CRM.Extensions.ICrmEntityExtensions.iCrmSetPropertyValue(ICrmEntity entity, String propertyLogicalName, Object value) in d:\Applis\Jenkins\workspace\crm client main continuous\iCRM\iCRM\iCRM.Services.CRM\Helper\ICrmEntityExtensions.cs:line 153&#xA;   at iCRM.Services.CRM.Extensions.ICrmEntityExtensions.SetByModelStandardAttributes(ICrmEntity entity, DealModel model) in d:\Applis\Jenkins\workspace\crm client main continuous\iCRM\iCRM\iCRM.Services.CRM\Helper\ICrmEntityExtensions.Deal.cs:line 1090&#xA;   at iCRM.Services.CRM.Extensions.ICrmEntityExtensions.SetByModel(ICrmEntity entity, DealModel model, Boolean entityIdRequired) in d:\Applis\Jenkins\workspace\crm client main continuous\iCRM\iCRM\iCRM.Services.CRM\Helper\ICrmEntityExtensions.Deal.cs:line 1067&#xA;   at iCRM.Services.CRM.iCRMDealService.CreateDeal(DealModel DealToCreate) in d:\Applis\Jenkins\workspace\crm client main continuous\iCRM\iCRM\iCRM.Services.CRM\Modules\Deals\iCRMDealService.Deal.cs:line 1856&#xA;   at iCRM.Services.CRM.Test.DealTest.DeleteDealContactRelationCore() in d:\Applis\Jenkins\workspace\crm client main continuous\iCRM\iCRM\iCRM.Services.CRM.Test\Deals\DealTest.cs:line 615&#xA;"/>
      </testcase>
      <testcase time="0" name="GetAllDeals" classname="iCRM.Services.CRM.Test.DealTest"/>
      <testcase time="0" name="TestGetPortfolioDeals"
                classname="iCRM.Services.CRM.Test.DealTest"/>
      <testcase time="0" name="GetUsersContacts" classname="iCRM.Services.CRM.Test.DealTest">
         <failure message="Test method iCRM.Services.CRM.Test.DealTest.GetUsersContacts threw exception: &#xA;System.Exception: Assigning the value False on property new_isfeg entity Microsoft.Xrm.Client.CrmEntity to raise an exception. ---&gt; System.ArgumentException: The property logical name 'new_isfeg' does not exist. Ensure you have typed the name correctly or review your CRM schema.&#xA;Parameter name: propertyLogicalName&#xA;    at Microsoft.Xrm.Client.CrmEntity.SetPropertyValue(String propertyLogicalName, Object value)&#xA;   at Microsoft.Xrm.Client.CrmEntity.Microsoft.Xrm.Client.ICrmEntity.SetPropertyValue(String propertyLogicalName, Object value)&#xA;   at iCRM.Services.CRM.Extensions.ICrmEntityExtensions.iCrmSetPropertyValue(ICrmEntity entity, String propertyLogicalName, Object value) in d:\Applis\Jenkins\workspace\crm client main continuous\iCRM\iCRM\iCRM.Services.CRM\Helper\ICrmEntityExtensions.cs:line 149&#xA; --- End of inner exception stack trace ---&#xA;    at iCRM.Services.CRM.Extensions.ICrmEntityExtensions.iCrmSetPropertyValue(ICrmEntity entity, String propertyLogicalName, Object value) in d:\Applis\Jenkins\workspace\crm client main continuous\iCRM\iCRM\iCRM.Services.CRM\Helper\ICrmEntityExtensions.cs:line 153&#xA;   at iCRM.Services.CRM.Extensions.ICrmEntityExtensions.SetByModelStandardAttributes(ICrmEntity entity, DealModel model) in d:\Applis\Jenkins\workspace\crm client main continuous\iCRM\iCRM\iCRM.Services.CRM\Helper\ICrmEntityExtensions.Deal.cs:line 1090&#xA;   at iCRM.Services.CRM.Extensions.ICrmEntityExtensions.SetByModel(ICrmEntity entity, DealModel model, Boolean entityIdRequired) in d:\Applis\Jenkins\workspace\crm client main continuous\iCRM\iCRM\iCRM.Services.CRM\Helper\ICrmEntityExtensions.Deal.cs:line 1067&#xA;   at iCRM.Services.CRM.iCRMDealService.CreateDeal(DealModel DealToCreate) in d:\Applis\Jenkins\workspace\crm client main continuous\iCRM\iCRM\iCRM.Services.CRM\Modules\Deals\iCRMDealService.Deal.cs:line 1856&#xA;   at iCRM.Services.CRM.Test.DealTest.GetUsersContacts() in d:\Applis\Jenkins\workspace\crm client main continuous\iCRM\iCRM\iCRM.Services.CRM.Test\Deals\DealTest.cs:line 362&#xA;"/>
      </testcase>
      <testcase time="0" name="GetMyDealContactModels"
                classname="iCRM.Services.CRM.Test.DealTest">
         <failure message="Test method iCRM.Services.CRM.Test.DealTest.GetMyDealContactModels threw exception: &#xA;System.Exception: Assigning the value False on property new_isfeg entity Microsoft.Xrm.Client.CrmEntity to raise an exception. ---&gt; System.ArgumentException: The property logical name 'new_isfeg' does not exist. Ensure you have typed the name correctly or review your CRM schema.&#xA;Parameter name: propertyLogicalName&#xA;    at Microsoft.Xrm.Client.CrmEntity.SetPropertyValue(String propertyLogicalName, Object value)&#xA;   at Microsoft.Xrm.Client.CrmEntity.Microsoft.Xrm.Client.ICrmEntity.SetPropertyValue(String propertyLogicalName, Object value)&#xA;   at iCRM.Services.CRM.Extensions.ICrmEntityExtensions.iCrmSetPropertyValue(ICrmEntity entity, String propertyLogicalName, Object value) in d:\Applis\Jenkins\workspace\crm client main continuous\iCRM\iCRM\iCRM.Services.CRM\Helper\ICrmEntityExtensions.cs:line 149&#xA; --- End of inner exception stack trace ---&#xA;    at iCRM.Services.CRM.Extensions.ICrmEntityExtensions.iCrmSetPropertyValue(ICrmEntity entity, String propertyLogicalName, Object value) in d:\Applis\Jenkins\workspace\crm client main continuous\iCRM\iCRM\iCRM.Services.CRM\Helper\ICrmEntityExtensions.cs:line 153&#xA;   at iCRM.Services.CRM.Extensions.ICrmEntityExtensions.SetByModelStandardAttributes(ICrmEntity entity, DealModel model) in d:\Applis\Jenkins\workspace\crm client main continuous\iCRM\iCRM\iCRM.Services.CRM\Helper\ICrmEntityExtensions.Deal.cs:line 1090&#xA;   at iCRM.Services.CRM.Extensions.ICrmEntityExtensions.SetByModel(ICrmEntity entity, DealModel model, Boolean entityIdRequired) in d:\Applis\Jenkins\workspace\crm client main continuous\iCRM\iCRM\iCRM.Services.CRM\Helper\ICrmEntityExtensions.Deal.cs:line 1067&#xA;   at iCRM.Services.CRM.iCRMDealService.CreateDeal(DealModel DealToCreate) in d:\Applis\Jenkins\workspace\crm client main continuous\iCRM\iCRM\iCRM.Services.CRM\Modules\Deals\iCRMDealService.Deal.cs:line 1856&#xA;   at iCRM.Services.CRM.Test.DealTest.GetMyDealContactModels() in d:\Applis\Jenkins\workspace\crm client main continuous\iCRM\iCRM\iCRM.Services.CRM.Test\Deals\DealTest.cs:line 519&#xA;"/>
      </testcase>
      <testcase time="0" name="GetMyTeamDealContactModelsAsync"
                classname="iCRM.Services.CRM.Test.DealTest">
         <failure message="Test method iCRM.Services.CRM.Test.DealTest.GetMyTeamDealContactModelsAsync threw exception: &#xA;System.Exception: Assigning the value False on property new_isfeg entity Microsoft.Xrm.Client.CrmEntity to raise an exception. ---&gt; System.ArgumentException: The property logical name 'new_isfeg' does not exist. Ensure you have typed the name correctly or review your CRM schema.&#xA;Parameter name: propertyLogicalName&#xA;    at Microsoft.Xrm.Client.CrmEntity.SetPropertyValue(String propertyLogicalName, Object value)&#xA;   at Microsoft.Xrm.Client.CrmEntity.Microsoft.Xrm.Client.ICrmEntity.SetPropertyValue(String propertyLogicalName, Object value)&#xA;   at iCRM.Services.CRM.Extensions.ICrmEntityExtensions.iCrmSetPropertyValue(ICrmEntity entity, String propertyLogicalName, Object value) in d:\Applis\Jenkins\workspace\crm client main continuous\iCRM\iCRM\iCRM.Services.CRM\Helper\ICrmEntityExtensions.cs:line 149&#xA; --- End of inner exception stack trace ---&#xA;    at iCRM.Services.CRM.Extensions.ICrmEntityExtensions.iCrmSetPropertyValue(ICrmEntity entity, String propertyLogicalName, Object value) in d:\Applis\Jenkins\workspace\crm client main continuous\iCRM\iCRM\iCRM.Services.CRM\Helper\ICrmEntityExtensions.cs:line 153&#xA;   at iCRM.Services.CRM.Extensions.ICrmEntityExtensions.SetByModelStandardAttributes(ICrmEntity entity, DealModel model) in d:\Applis\Jenkins\workspace\crm client main continuous\iCRM\iCRM\iCRM.Services.CRM\Helper\ICrmEntityExtensions.Deal.cs:line 1090&#xA;   at iCRM.Services.CRM.Extensions.ICrmEntityExtensions.SetByModel(ICrmEntity entity, DealModel model, Boolean entityIdRequired) in d:\Applis\Jenkins\workspace\crm client main continuous\iCRM\iCRM\iCRM.Services.CRM\Helper\ICrmEntityExtensions.Deal.cs:line 1067&#xA;   at iCRM.Services.CRM.iCRMDealService.CreateDeal(DealModel DealToCreate) in d:\Applis\Jenkins\workspace\crm client main continuous\iCRM\iCRM\iCRM.Services.CRM\Modules\Deals\iCRMDealService.Deal.cs:line 1856&#xA;   at iCRM.Services.CRM.Test.DealTest.GetMyTeamDealContactModelsAsync() in d:\Applis\Jenkins\workspace\crm client main continuous\iCRM\iCRM\iCRM.Services.CRM.Test\Deals\DealTest.cs:line 1377&#xA;"/>
      </testcase>
      <testcase time="0" name="UpdateMinute" classname="iCRM.Services.CRM.Test.DealTest">
         <failure message="Test method iCRM.Services.CRM.Test.DealTest.UpdateMinute threw exception: &#xA;System.Exception: Assigning the value False on property new_isfeg entity Microsoft.Xrm.Client.CrmEntity to raise an exception. ---&gt; System.ArgumentException: The property logical name 'new_isfeg' does not exist. Ensure you have typed the name correctly or review your CRM schema.&#xA;Parameter name: propertyLogicalName&#xA;    at Microsoft.Xrm.Client.CrmEntity.SetPropertyValue(String propertyLogicalName, Object value)&#xA;   at Microsoft.Xrm.Client.CrmEntity.Microsoft.Xrm.Client.ICrmEntity.SetPropertyValue(String propertyLogicalName, Object value)&#xA;   at iCRM.Services.CRM.Extensions.ICrmEntityExtensions.iCrmSetPropertyValue(ICrmEntity entity, String propertyLogicalName, Object value) in d:\Applis\Jenkins\workspace\crm client main continuous\iCRM\iCRM\iCRM.Services.CRM\Helper\ICrmEntityExtensions.cs:line 149&#xA; --- End of inner exception stack trace ---&#xA;    at iCRM.Services.CRM.Extensions.ICrmEntityExtensions.iCrmSetPropertyValue(ICrmEntity entity, String propertyLogicalName, Object value) in d:\Applis\Jenkins\workspace\crm client main continuous\iCRM\iCRM\iCRM.Services.CRM\Helper\ICrmEntityExtensions.cs:line 153&#xA;   at iCRM.Services.CRM.Extensions.ICrmEntityExtensions.SetByModelStandardAttributes(ICrmEntity entity, DealModel model) in d:\Applis\Jenkins\workspace\crm client main continuous\iCRM\iCRM\iCRM.Services.CRM\Helper\ICrmEntityExtensions.Deal.cs:line 1090&#xA;   at iCRM.Services.CRM.Extensions.ICrmEntityExtensions.SetByModel(ICrmEntity entity, DealModel model, Boolean entityIdRequired) in d:\Applis\Jenkins\workspace\crm client main continuous\iCRM\iCRM\iCRM.Services.CRM\Helper\ICrmEntityExtensions.Deal.cs:line 1067&#xA;   at iCRM.Services.CRM.iCRMDealService.CreateDeal(DealModel DealToCreate) in d:\Applis\Jenkins\workspace\crm client main continuous\iCRM\iCRM\iCRM.Services.CRM\Modules\Deals\iCRMDealService.Deal.cs:line 1856&#xA;   at iCRM.Services.CRM.Test.DealTest.UpdateMinute() in d:\Applis\Jenkins\workspace\crm client main continuous\iCRM\iCRM\iCRM.Services.CRM.Test\Deals\DealTest.cs:line 747&#xA;"/>
      </testcase>
      <testcase time="0" name="DeleteAllContactsFormDeal"
                classname="iCRM.Services.CRM.Test.DealTest">
         <failure message="Test method iCRM.Services.CRM.Test.DealTest.DeleteAllContactsFormDeal threw exception: &#xA;System.Exception: Assigning the value False on property new_isfeg entity Microsoft.Xrm.Client.CrmEntity to raise an exception. ---&gt; System.ArgumentException: The property logical name 'new_isfeg' does not exist. Ensure you have typed the name correctly or review your CRM schema.&#xA;Parameter name: propertyLogicalName&#xA;    at Microsoft.Xrm.Client.CrmEntity.SetPropertyValue(String propertyLogicalName, Object value)&#xA;   at Microsoft.Xrm.Client.CrmEntity.Microsoft.Xrm.Client.ICrmEntity.SetPropertyValue(String propertyLogicalName, Object value)&#xA;   at iCRM.Services.CRM.Extensions.ICrmEntityExtensions.iCrmSetPropertyValue(ICrmEntity entity, String propertyLogicalName, Object value) in d:\Applis\Jenkins\workspace\crm client main continuous\iCRM\iCRM\iCRM.Services.CRM\Helper\ICrmEntityExtensions.cs:line 149&#xA; --- End of inner exception stack trace ---&#xA;    at iCRM.Services.CRM.Extensions.ICrmEntityExtensions.iCrmSetPropertyValue(ICrmEntity entity, String propertyLogicalName, Object value) in d:\Applis\Jenkins\workspace\crm client main continuous\iCRM\iCRM\iCRM.Services.CRM\Helper\ICrmEntityExtensions.cs:line 153&#xA;   at iCRM.Services.CRM.Extensions.ICrmEntityExtensions.SetByModelStandardAttributes(ICrmEntity entity, DealModel model) in d:\Applis\Jenkins\workspace\crm client main continuous\iCRM\iCRM\iCRM.Services.CRM\Helper\ICrmEntityExtensions.Deal.cs:line 1090&#xA;   at iCRM.Services.CRM.Extensions.ICrmEntityExtensions.SetByModel(ICrmEntity entity, DealModel model, Boolean entityIdRequired) in d:\Applis\Jenkins\workspace\crm client main continuous\iCRM\iCRM\iCRM.Services.CRM\Helper\ICrmEntityExtensions.Deal.cs:line 1067&#xA;   at iCRM.Services.CRM.iCRMDealService.CreateDeal(DealModel DealToCreate) in d:\Applis\Jenkins\workspace\crm client main continuous\iCRM\iCRM\iCRM.Services.CRM\Modules\Deals\iCRMDealService.Deal.cs:line 1856&#xA;   at iCRM.Services.CRM.Test.DealTest.DeleteAllContactsFormDeal() in d:\Applis\Jenkins\workspace\crm client main continuous\iCRM\iCRM\iCRM.Services.CRM.Test\Deals\DealTest.cs:line 230&#xA;"/>
      </testcase>
      <testcase time="0" name="GetDealPersonalNotesAsyncTest"
                classname="iCRM.Services.CRM.Test.DealTest">
         <failure message="Test method iCRM.Services.CRM.Test.DealTest.GetDealPersonalNotesAsyncTest threw exception: &#xA;System.Exception: Assigning the value False on property new_isfeg entity Microsoft.Xrm.Client.CrmEntity to raise an exception. ---&gt; System.ArgumentException: The property logical name 'new_isfeg' does not exist. Ensure you have typed the name correctly or review your CRM schema.&#xA;Parameter name: propertyLogicalName&#xA;    at Microsoft.Xrm.Client.CrmEntity.SetPropertyValue(String propertyLogicalName, Object value)&#xA;   at Microsoft.Xrm.Client.CrmEntity.Microsoft.Xrm.Client.ICrmEntity.SetPropertyValue(String propertyLogicalName, Object value)&#xA;   at iCRM.Services.CRM.Extensions.ICrmEntityExtensions.iCrmSetPropertyValue(ICrmEntity entity, String propertyLogicalName, Object value) in d:\Applis\Jenkins\workspace\crm client main continuous\iCRM\iCRM\iCRM.Services.CRM\Helper\ICrmEntityExtensions.cs:line 149&#xA; --- End of inner exception stack trace ---&#xA;    at iCRM.Services.CRM.Extensions.ICrmEntityExtensions.iCrmSetPropertyValue(ICrmEntity entity, String propertyLogicalName, Object value) in d:\Applis\Jenkins\workspace\crm client main continuous\iCRM\iCRM\iCRM.Services.CRM\Helper\ICrmEntityExtensions.cs:line 153&#xA;   at iCRM.Services.CRM.Extensions.ICrmEntityExtensions.SetByModelStandardAttributes(ICrmEntity entity, DealModel model) in d:\Applis\Jenkins\workspace\crm client main continuous\iCRM\iCRM\iCRM.Services.CRM\Helper\ICrmEntityExtensions.Deal.cs:line 1090&#xA;   at iCRM.Services.CRM.Extensions.ICrmEntityExtensions.SetByModel(ICrmEntity entity, DealModel model, Boolean entityIdRequired) in d:\Applis\Jenkins\workspace\crm client main continuous\iCRM\iCRM\iCRM.Services.CRM\Helper\ICrmEntityExtensions.Deal.cs:line 1067&#xA;   at iCRM.Services.CRM.iCRMDealService.CreateDeal(DealModel DealToCreate) in d:\Applis\Jenkins\workspace\crm client main continuous\iCRM\iCRM\iCRM.Services.CRM\Modules\Deals\iCRMDealService.Deal.cs:line 1856&#xA;   at iCRM.Services.CRM.Test.DealTest.GetDealPersonalNotesAsyncTest() in d:\Applis\Jenkins\workspace\crm client main continuous\iCRM\iCRM\iCRM.Services.CRM.Test\Deals\DealTest.cs:line 1319&#xA;"/>
      </testcase>
      <testcase time="0" name="GetDealUserTeamTasks"
                classname="iCRM.Services.CRM.Test.DealTest">
         <failure message="Test method iCRM.Services.CRM.Test.DealTest.GetDealUserTeamTasks threw exception: &#xA;System.Exception: Assigning the value False on property new_isfeg entity Microsoft.Xrm.Client.CrmEntity to raise an exception. ---&gt; System.ArgumentException: The property logical name 'new_isfeg' does not exist. Ensure you have typed the name correctly or review your CRM schema.&#xA;Parameter name: propertyLogicalName&#xA;    at Microsoft.Xrm.Client.CrmEntity.SetPropertyValue(String propertyLogicalName, Object value)&#xA;   at Microsoft.Xrm.Client.CrmEntity.Microsoft.Xrm.Client.ICrmEntity.SetPropertyValue(String propertyLogicalName, Object value)&#xA;   at iCRM.Services.CRM.Extensions.ICrmEntityExtensions.iCrmSetPropertyValue(ICrmEntity entity, String propertyLogicalName, Object value) in d:\Applis\Jenkins\workspace\crm client main continuous\iCRM\iCRM\iCRM.Services.CRM\Helper\ICrmEntityExtensions.cs:line 149&#xA; --- End of inner exception stack trace ---&#xA;    at iCRM.Services.CRM.Extensions.ICrmEntityExtensions.iCrmSetPropertyValue(ICrmEntity entity, String propertyLogicalName, Object value) in d:\Applis\Jenkins\workspace\crm client main continuous\iCRM\iCRM\iCRM.Services.CRM\Helper\ICrmEntityExtensions.cs:line 153&#xA;   at iCRM.Services.CRM.Extensions.ICrmEntityExtensions.SetByModelStandardAttributes(ICrmEntity entity, DealModel model) in d:\Applis\Jenkins\workspace\crm client main continuous\iCRM\iCRM\iCRM.Services.CRM\Helper\ICrmEntityExtensions.Deal.cs:line 1090&#xA;   at iCRM.Services.CRM.Extensions.ICrmEntityExtensions.SetByModel(ICrmEntity entity, DealModel model, Boolean entityIdRequired) in d:\Applis\Jenkins\workspace\crm client main continuous\iCRM\iCRM\iCRM.Services.CRM\Helper\ICrmEntityExtensions.Deal.cs:line 1067&#xA;   at iCRM.Services.CRM.iCRMDealService.CreateDeal(DealModel DealToCreate) in d:\Applis\Jenkins\workspace\crm client main continuous\iCRM\iCRM\iCRM.Services.CRM\Modules\Deals\iCRMDealService.Deal.cs:line 1856&#xA;   at iCRM.Services.CRM.Test.DealTest.GetDealUserTeamTasks() in d:\Applis\Jenkins\workspace\crm client main continuous\iCRM\iCRM\iCRM.Services.CRM.Test\Deals\DealTest.cs:line 1082&#xA;"/>
      </testcase>
      <testcase time="0" name="GetDealModelById" classname="iCRM.Services.CRM.Test.DealTest">
         <failure message="Test method iCRM.Services.CRM.Test.DealTest.GetDealModelById threw exception: &#xA;System.Exception: Assigning the value False on property new_isfeg entity Microsoft.Xrm.Client.CrmEntity to raise an exception. ---&gt; System.ArgumentException: The property logical name 'new_isfeg' does not exist. Ensure you have typed the name correctly or review your CRM schema.&#xA;Parameter name: propertyLogicalName&#xA;    at Microsoft.Xrm.Client.CrmEntity.SetPropertyValue(String propertyLogicalName, Object value)&#xA;   at Microsoft.Xrm.Client.CrmEntity.Microsoft.Xrm.Client.ICrmEntity.SetPropertyValue(String propertyLogicalName, Object value)&#xA;   at iCRM.Services.CRM.Extensions.ICrmEntityExtensions.iCrmSetPropertyValue(ICrmEntity entity, String propertyLogicalName, Object value) in d:\Applis\Jenkins\workspace\crm client main continuous\iCRM\iCRM\iCRM.Services.CRM\Helper\ICrmEntityExtensions.cs:line 149&#xA; --- End of inner exception stack trace ---&#xA;    at iCRM.Services.CRM.Extensions.ICrmEntityExtensions.iCrmSetPropertyValue(ICrmEntity entity, String propertyLogicalName, Object value) in d:\Applis\Jenkins\workspace\crm client main continuous\iCRM\iCRM\iCRM.Services.CRM\Helper\ICrmEntityExtensions.cs:line 153&#xA;   at iCRM.Services.CRM.Extensions.ICrmEntityExtensions.SetByModelStandardAttributes(ICrmEntity entity, DealModel model) in d:\Applis\Jenkins\workspace\crm client main continuous\iCRM\iCRM\iCRM.Services.CRM\Helper\ICrmEntityExtensions.Deal.cs:line 1090&#xA;   at iCRM.Services.CRM.Extensions.ICrmEntityExtensions.SetByModel(ICrmEntity entity, DealModel model, Boolean entityIdRequired) in d:\Applis\Jenkins\workspace\crm client main continuous\iCRM\iCRM\iCRM.Services.CRM\Helper\ICrmEntityExtensions.Deal.cs:line 1067&#xA;   at iCRM.Services.CRM.iCRMDealService.CreateDeal(DealModel DealToCreate) in d:\Applis\Jenkins\workspace\crm client main continuous\iCRM\iCRM\iCRM.Services.CRM\Modules\Deals\iCRMDealService.Deal.cs:line 1856&#xA;   at iCRM.Services.CRM.Test.DealTest.GetDealModelById() in d:\Applis\Jenkins\workspace\crm client main continuous\iCRM\iCRM\iCRM.Services.CRM.Test\Deals\DealTest.cs:line 853&#xA;"/>
      </testcase>
      <testcase time="0" name="GenericUpdateDealContact"
                classname="iCRM.Services.CRM.Test.DealTest">
         <failure message="Assert.Fail failed. An error has occured : Assigning the value False on property new_isfeg entity Microsoft.Xrm.Client.CrmEntity to raise an exception.,   at iCRM.Services.CRM.Extensions.ICrmEntityExtensions.iCrmSetPropertyValue(ICrmEntity entity, String propertyLogicalName, Object value) in d:\Applis\Jenkins\workspace\crm client main continuous\iCRM\iCRM\iCRM.Services.CRM\Helper\ICrmEntityExtensions.cs:line 153&#xA;   at iCRM.Services.CRM.Extensions.ICrmEntityExtensions.SetByModelStandardAttributes(ICrmEntity entity, DealModel model) in d:\Applis\Jenkins\workspace\crm client main continuous\iCRM\iCRM\iCRM.Services.CRM\Helper\ICrmEntityExtensions.Deal.cs:line 1090&#xA;   at iCRM.Services.CRM.Extensions.ICrmEntityExtensions.SetByModel(ICrmEntity entity, DealModel model, Boolean entityIdRequired) in d:\Applis\Jenkins\workspace\crm client main continuous\iCRM\iCRM\iCRM.Services.CRM\Helper\ICrmEntityExtensions.Deal.cs:line 1067&#xA;   at iCRM.Services.CRM.iCRMDealService.CreateDeal(DealModel DealToCreate) in d:\Applis\Jenkins\workspace\crm client main continuous\iCRM\iCRM\iCRM.Services.CRM\Modules\Deals\iCRMDealService.Deal.cs:line 1856&#xA;   at iCRM.Services.CRM.Test.DealTest.GenericUpdateDealContact() in d:\Applis\Jenkins\workspace\crm client main continuous\iCRM\iCRM\iCRM.Services.CRM.Test\Deals\DealTest.cs:line 105&#xA;   at iCRM.Services.CRM.Test.DealTest.GenericUpdateDealContact() in d:\Applis\Jenkins\workspace\crm client main continuous\iCRM\iCRM\iCRM.Services.CRM.Test\Deals\DealTest.cs:line 126&#xA;"/>
      </testcase>
      <testcase time="0" name="GetDealPersonalNotes"
                classname="iCRM.Services.CRM.Test.DealTest">
         <failure message="Test method iCRM.Services.CRM.Test.DealTest.GetDealPersonalNotes threw exception: &#xA;System.Exception: Assigning the value False on property new_isfeg entity Microsoft.Xrm.Client.CrmEntity to raise an exception. ---&gt; System.ArgumentException: The property logical name 'new_isfeg' does not exist. Ensure you have typed the name correctly or review your CRM schema.&#xA;Parameter name: propertyLogicalName&#xA;    at Microsoft.Xrm.Client.CrmEntity.SetPropertyValue(String propertyLogicalName, Object value)&#xA;   at Microsoft.Xrm.Client.CrmEntity.Microsoft.Xrm.Client.ICrmEntity.SetPropertyValue(String propertyLogicalName, Object value)&#xA;   at iCRM.Services.CRM.Extensions.ICrmEntityExtensions.iCrmSetPropertyValue(ICrmEntity entity, String propertyLogicalName, Object value) in d:\Applis\Jenkins\workspace\crm client main continuous\iCRM\iCRM\iCRM.Services.CRM\Helper\ICrmEntityExtensions.cs:line 149&#xA; --- End of inner exception stack trace ---&#xA;    at iCRM.Services.CRM.Extensions.ICrmEntityExtensions.iCrmSetPropertyValue(ICrmEntity entity, String propertyLogicalName, Object value) in d:\Applis\Jenkins\workspace\crm client main continuous\iCRM\iCRM\iCRM.Services.CRM\Helper\ICrmEntityExtensions.cs:line 153&#xA;   at iCRM.Services.CRM.Extensions.ICrmEntityExtensions.SetByModelStandardAttributes(ICrmEntity entity, DealModel model) in d:\Applis\Jenkins\workspace\crm client main continuous\iCRM\iCRM\iCRM.Services.CRM\Helper\ICrmEntityExtensions.Deal.cs:line 1090&#xA;   at iCRM.Services.CRM.Extensions.ICrmEntityExtensions.SetByModel(ICrmEntity entity, DealModel model, Boolean entityIdRequired) in d:\Applis\Jenkins\workspace\crm client main continuous\iCRM\iCRM\iCRM.Services.CRM\Helper\ICrmEntityExtensions.Deal.cs:line 1067&#xA;   at iCRM.Services.CRM.iCRMDealService.CreateDeal(DealModel DealToCreate) in d:\Applis\Jenkins\workspace\crm client main continuous\iCRM\iCRM\iCRM.Services.CRM\Modules\Deals\iCRMDealService.Deal.cs:line 1856&#xA;   at iCRM.Services.CRM.Test.DealTest.GetDealPersonalNotes() in d:\Applis\Jenkins\workspace\crm client main continuous\iCRM\iCRM\iCRM.Services.CRM.Test\Deals\DealTest.cs:line 1214&#xA;"/>
      </testcase>
      <testcase time="0" name="SaveChild" classname="iCRM.Services.CRM.Test.DealTest"/>
      <testcase time="0" name="UpdateDeal" classname="iCRM.Services.CRM.Test.DealTest">
         <failure message="Assert.Fail failed. An error has occured : Assigning the value False on property new_isfeg entity Microsoft.Xrm.Client.CrmEntity to raise an exception.,   at iCRM.Services.CRM.Extensions.ICrmEntityExtensions.iCrmSetPropertyValue(ICrmEntity entity, String propertyLogicalName, Object value) in d:\Applis\Jenkins\workspace\crm client main continuous\iCRM\iCRM\iCRM.Services.CRM\Helper\ICrmEntityExtensions.cs:line 153&#xA;   at iCRM.Services.CRM.Extensions.ICrmEntityExtensions.SetByModelStandardAttributes(ICrmEntity entity, DealModel model) in d:\Applis\Jenkins\workspace\crm client main continuous\iCRM\iCRM\iCRM.Services.CRM\Helper\ICrmEntityExtensions.Deal.cs:line 1090&#xA;   at iCRM.Services.CRM.Extensions.ICrmEntityExtensions.SetByModel(ICrmEntity entity, DealModel model, Boolean entityIdRequired) in d:\Applis\Jenkins\workspace\crm client main continuous\iCRM\iCRM\iCRM.Services.CRM\Helper\ICrmEntityExtensions.Deal.cs:line 1067&#xA;   at iCRM.Services.CRM.iCRMDealService.CreateDeal(DealModel DealToCreate) in d:\Applis\Jenkins\workspace\crm client main continuous\iCRM\iCRM\iCRM.Services.CRM\Modules\Deals\iCRMDealService.Deal.cs:line 1856&#xA;   at iCRM.Services.CRM.iCRMDealService.SaveCore(DealModel entity) in d:\Applis\Jenkins\workspace\crm client main continuous\iCRM\iCRM\iCRM.Services.CRM\Modules\Deals\iCRMDealService.Generic.cs:line 58&#xA;   at iCRM.Services.CRM.CrmServiceBase`1.Save(TModel entity) in d:\Applis\Jenkins\workspace\crm client main continuous\iCRM\iCRM\iCRM.Services.CRM\CrmServiceBase.Generic.cs:line 119&#xA;   at iCRM.Services.CRM.Test.DealTest.UpdateDeal() in d:\Applis\Jenkins\workspace\crm client main continuous\iCRM\iCRM\iCRM.Services.CRM.Test\Deals\DealTest.cs:line 173&#xA;   at iCRM.Services.CRM.Test.DealTest.UpdateDeal() in d:\Applis\Jenkins\workspace\crm client main continuous\iCRM\iCRM\iCRM.Services.CRM.Test\Deals\DealTest.cs:line 182&#xA;"/>
      </testcase>
      <testcase time="0" name="GetUsersContactsAndFavorites"
                classname="iCRM.Services.CRM.Test.DealTest">
         <failure message="Test method iCRM.Services.CRM.Test.DealTest.GetUsersContactsAndFavorites threw exception: &#xA;System.Exception: Assigning the value False on property new_isfeg entity Microsoft.Xrm.Client.CrmEntity to raise an exception. ---&gt; System.ArgumentException: The property logical name 'new_isfeg' does not exist. Ensure you have typed the name correctly or review your CRM schema.&#xA;Parameter name: propertyLogicalName&#xA;    at Microsoft.Xrm.Client.CrmEntity.SetPropertyValue(String propertyLogicalName, Object value)&#xA;   at Microsoft.Xrm.Client.CrmEntity.Microsoft.Xrm.Client.ICrmEntity.SetPropertyValue(String propertyLogicalName, Object value)&#xA;   at iCRM.Services.CRM.Extensions.ICrmEntityExtensions.iCrmSetPropertyValue(ICrmEntity entity, String propertyLogicalName, Object value) in d:\Applis\Jenkins\workspace\crm client main continuous\iCRM\iCRM\iCRM.Services.CRM\Helper\ICrmEntityExtensions.cs:line 149&#xA; --- End of inner exception stack trace ---&#xA;    at iCRM.Services.CRM.Extensions.ICrmEntityExtensions.iCrmSetPropertyValue(ICrmEntity entity, String propertyLogicalName, Object value) in d:\Applis\Jenkins\workspace\crm client main continuous\iCRM\iCRM\iCRM.Services.CRM\Helper\ICrmEntityExtensions.cs:line 153&#xA;   at iCRM.Services.CRM.Extensions.ICrmEntityExtensions.SetByModelStandardAttributes(ICrmEntity entity, DealModel model) in d:\Applis\Jenkins\workspace\crm client main continuous\iCRM\iCRM\iCRM.Services.CRM\Helper\ICrmEntityExtensions.Deal.cs:line 1090&#xA;   at iCRM.Services.CRM.Extensions.ICrmEntityExtensions.SetByModel(ICrmEntity entity, DealModel model, Boolean entityIdRequired) in d:\Applis\Jenkins\workspace\crm client main continuous\iCRM\iCRM\iCRM.Services.CRM\Helper\ICrmEntityExtensions.Deal.cs:line 1067&#xA;   at iCRM.Services.CRM.iCRMDealService.CreateDeal(DealModel DealToCreate) in d:\Applis\Jenkins\workspace\crm client main continuous\iCRM\iCRM\iCRM.Services.CRM\Modules\Deals\iCRMDealService.Deal.cs:line 1856&#xA;   at iCRM.Services.CRM.Test.DealTest.GetUsersContactsAndFavorites() in d:\Applis\Jenkins\workspace\crm client main continuous\iCRM\iCRM\iCRM.Services.CRM.Test\Deals\DealTest.cs:line 426&#xA;"/>
      </testcase>
      <testcase time="0" name="GetChildEntities" classname="iCRM.Services.CRM.Test.DealTest">
         <failure message="Test method iCRM.Services.CRM.Test.DealTest.GetChildEntities threw exception: &#xA;System.Exception: Assigning the value False on property new_isfeg entity Microsoft.Xrm.Client.CrmEntity to raise an exception. ---&gt; System.ArgumentException: The property logical name 'new_isfeg' does not exist. Ensure you have typed the name correctly or review your CRM schema.&#xA;Parameter name: propertyLogicalName&#xA;    at Microsoft.Xrm.Client.CrmEntity.SetPropertyValue(String propertyLogicalName, Object value)&#xA;   at Microsoft.Xrm.Client.CrmEntity.Microsoft.Xrm.Client.ICrmEntity.SetPropertyValue(String propertyLogicalName, Object value)&#xA;   at iCRM.Services.CRM.Extensions.ICrmEntityExtensions.iCrmSetPropertyValue(ICrmEntity entity, String propertyLogicalName, Object value) in d:\Applis\Jenkins\workspace\crm client main continuous\iCRM\iCRM\iCRM.Services.CRM\Helper\ICrmEntityExtensions.cs:line 149&#xA; --- End of inner exception stack trace ---&#xA;    at iCRM.Services.CRM.Extensions.ICrmEntityExtensions.iCrmSetPropertyValue(ICrmEntity entity, String propertyLogicalName, Object value) in d:\Applis\Jenkins\workspace\crm client main continuous\iCRM\iCRM\iCRM.Services.CRM\Helper\ICrmEntityExtensions.cs:line 153&#xA;   at iCRM.Services.CRM.Extensions.ICrmEntityExtensions.SetByModelStandardAttributes(ICrmEntity entity, DealModel model) in d:\Applis\Jenkins\workspace\crm client main continuous\iCRM\iCRM\iCRM.Services.CRM\Helper\ICrmEntityExtensions.Deal.cs:line 1090&#xA;   at iCRM.Services.CRM.Extensions.ICrmEntityExtensions.SetByModel(ICrmEntity entity, DealModel model, Boolean entityIdRequired) in d:\Applis\Jenkins\workspace\crm client main continuous\iCRM\iCRM\iCRM.Services.CRM\Helper\ICrmEntityExtensions.Deal.cs:line 1067&#xA;   at iCRM.Services.CRM.iCRMDealService.CreateDeal(DealModel DealToCreate) in d:\Applis\Jenkins\workspace\crm client main continuous\iCRM\iCRM\iCRM.Services.CRM\Modules\Deals\iCRMDealService.Deal.cs:line 1856&#xA;   at iCRM.Services.CRM.Test.DealTest.GetChildEntities() in d:\Applis\Jenkins\workspace\crm client main continuous\iCRM\iCRM\iCRM.Services.CRM.Test\Deals\DealTest.cs:line 198&#xA;"/>
      </testcase>
      <testcase time="0" name="TestAllDeals" classname="iCRM.Services.CRM.Test.DealTest"/>
      <testcase time="0" name="GetLightContactsByDealId"
                classname="iCRM.Services.CRM.Test.DealTest">
         <failure message="Test method iCRM.Services.CRM.Test.DealTest.GetLightContactsByDealId threw exception: &#xA;System.Exception: Assigning the value False on property new_isfeg entity Microsoft.Xrm.Client.CrmEntity to raise an exception. ---&gt; System.ArgumentException: The property logical name 'new_isfeg' does not exist. Ensure you have typed the name correctly or review your CRM schema.&#xA;Parameter name: propertyLogicalName&#xA;    at Microsoft.Xrm.Client.CrmEntity.SetPropertyValue(String propertyLogicalName, Object value)&#xA;   at Microsoft.Xrm.Client.CrmEntity.Microsoft.Xrm.Client.ICrmEntity.SetPropertyValue(String propertyLogicalName, Object value)&#xA;   at iCRM.Services.CRM.Extensions.ICrmEntityExtensions.iCrmSetPropertyValue(ICrmEntity entity, String propertyLogicalName, Object value) in d:\Applis\Jenkins\workspace\crm client main continuous\iCRM\iCRM\iCRM.Services.CRM\Helper\ICrmEntityExtensions.cs:line 149&#xA; --- End of inner exception stack trace ---&#xA;    at iCRM.Services.CRM.Extensions.ICrmEntityExtensions.iCrmSetPropertyValue(ICrmEntity entity, String propertyLogicalName, Object value) in d:\Applis\Jenkins\workspace\crm client main continuous\iCRM\iCRM\iCRM.Services.CRM\Helper\ICrmEntityExtensions.cs:line 153&#xA;   at iCRM.Services.CRM.Extensions.ICrmEntityExtensions.SetByModelStandardAttributes(ICrmEntity entity, DealModel model) in d:\Applis\Jenkins\workspace\crm client main continuous\iCRM\iCRM\iCRM.Services.CRM\Helper\ICrmEntityExtensions.Deal.cs:line 1090&#xA;   at iCRM.Services.CRM.Extensions.ICrmEntityExtensions.SetByModel(ICrmEntity entity, DealModel model, Boolean entityIdRequired) in d:\Applis\Jenkins\workspace\crm client main continuous\iCRM\iCRM\iCRM.Services.CRM\Helper\ICrmEntityExtensions.Deal.cs:line 1067&#xA;   at iCRM.Services.CRM.iCRMDealService.CreateDeal(DealModel DealToCreate) in d:\Applis\Jenkins\workspace\crm client main continuous\iCRM\iCRM\iCRM.Services.CRM\Modules\Deals\iCRMDealService.Deal.cs:line 1856&#xA;   at iCRM.Services.CRM.Test.DealTest.GetLightContactsByDealId() in d:\Applis\Jenkins\workspace\crm client main continuous\iCRM\iCRM\iCRM.Services.CRM.Test\Deals\DealTest.cs:line 583&#xA;"/>
      </testcase>
      <testcase time="0" name="GetMinutesForDeal" classname="iCRM.Services.CRM.Test.DealTest">
         <failure message="Test method iCRM.Services.CRM.Test.DealTest.GetMinutesForDeal threw exception: &#xA;System.Exception: Assigning the value False on property new_isfeg entity Microsoft.Xrm.Client.CrmEntity to raise an exception. ---&gt; System.ArgumentException: The property logical name 'new_isfeg' does not exist. Ensure you have typed the name correctly or review your CRM schema.&#xA;Parameter name: propertyLogicalName&#xA;    at Microsoft.Xrm.Client.CrmEntity.SetPropertyValue(String propertyLogicalName, Object value)&#xA;   at Microsoft.Xrm.Client.CrmEntity.Microsoft.Xrm.Client.ICrmEntity.SetPropertyValue(String propertyLogicalName, Object value)&#xA;   at iCRM.Services.CRM.Extensions.ICrmEntityExtensions.iCrmSetPropertyValue(ICrmEntity entity, String propertyLogicalName, Object value) in d:\Applis\Jenkins\workspace\crm client main continuous\iCRM\iCRM\iCRM.Services.CRM\Helper\ICrmEntityExtensions.cs:line 149&#xA; --- End of inner exception stack trace ---&#xA;    at iCRM.Services.CRM.Extensions.ICrmEntityExtensions.iCrmSetPropertyValue(ICrmEntity entity, String propertyLogicalName, Object value) in d:\Applis\Jenkins\workspace\crm client main continuous\iCRM\iCRM\iCRM.Services.CRM\Helper\ICrmEntityExtensions.cs:line 153&#xA;   at iCRM.Services.CRM.Extensions.ICrmEntityExtensions.SetByModelStandardAttributes(ICrmEntity entity, DealModel model) in d:\Applis\Jenkins\workspace\crm client main continuous\iCRM\iCRM\iCRM.Services.CRM\Helper\ICrmEntityExtensions.Deal.cs:line 1090&#xA;   at iCRM.Services.CRM.Extensions.ICrmEntityExtensions.SetByModel(ICrmEntity entity, DealModel model, Boolean entityIdRequired) in d:\Applis\Jenkins\workspace\crm client main continuous\iCRM\iCRM\iCRM.Services.CRM\Helper\ICrmEntityExtensions.Deal.cs:line 1067&#xA;   at iCRM.Services.CRM.iCRMDealService.CreateDeal(DealModel DealToCreate) in d:\Applis\Jenkins\workspace\crm client main continuous\iCRM\iCRM\iCRM.Services.CRM\Modules\Deals\iCRMDealService.Deal.cs:line 1856&#xA;   at iCRM.Services.CRM.Test.DealTest.GetMinutesForDeal() in d:\Applis\Jenkins\workspace\crm client main continuous\iCRM\iCRM\iCRM.Services.CRM.Test\Deals\DealTest.cs:line 685&#xA;"/>
      </testcase>
      <testcase time="0" name="GetMinuteModelById" classname="iCRM.Services.CRM.Test.DealTest">
         <failure message="Test method iCRM.Services.CRM.Test.DealTest.GetMinuteModelById threw exception: &#xA;System.Exception: Assigning the value False on property new_isfeg entity Microsoft.Xrm.Client.CrmEntity to raise an exception. ---&gt; System.ArgumentException: The property logical name 'new_isfeg' does not exist. Ensure you have typed the name correctly or review your CRM schema.&#xA;Parameter name: propertyLogicalName&#xA;    at Microsoft.Xrm.Client.CrmEntity.SetPropertyValue(String propertyLogicalName, Object value)&#xA;   at Microsoft.Xrm.Client.CrmEntity.Microsoft.Xrm.Client.ICrmEntity.SetPropertyValue(String propertyLogicalName, Object value)&#xA;   at iCRM.Services.CRM.Extensions.ICrmEntityExtensions.iCrmSetPropertyValue(ICrmEntity entity, String propertyLogicalName, Object value) in d:\Applis\Jenkins\workspace\crm client main continuous\iCRM\iCRM\iCRM.Services.CRM\Helper\ICrmEntityExtensions.cs:line 149&#xA; --- End of inner exception stack trace ---&#xA;    at iCRM.Services.CRM.Extensions.ICrmEntityExtensions.iCrmSetPropertyValue(ICrmEntity entity, String propertyLogicalName, Object value) in d:\Applis\Jenkins\workspace\crm client main continuous\iCRM\iCRM\iCRM.Services.CRM\Helper\ICrmEntityExtensions.cs:line 153&#xA;   at iCRM.Services.CRM.Extensions.ICrmEntityExtensions.SetByModelStandardAttributes(ICrmEntity entity, DealModel model) in d:\Applis\Jenkins\workspace\crm client main continuous\iCRM\iCRM\iCRM.Services.CRM\Helper\ICrmEntityExtensions.Deal.cs:line 1090&#xA;   at iCRM.Services.CRM.Extensions.ICrmEntityExtensions.SetByModel(ICrmEntity entity, DealModel model, Boolean entityIdRequired) in d:\Applis\Jenkins\workspace\crm client main continuous\iCRM\iCRM\iCRM.Services.CRM\Helper\ICrmEntityExtensions.Deal.cs:line 1067&#xA;   at iCRM.Services.CRM.iCRMDealService.CreateDeal(DealModel DealToCreate) in d:\Applis\Jenkins\workspace\crm client main continuous\iCRM\iCRM\iCRM.Services.CRM\Modules\Deals\iCRMDealService.Deal.cs:line 1856&#xA;   at iCRM.Services.CRM.Test.DealTest.GetMinuteModelById() in d:\Applis\Jenkins\workspace\crm client main continuous\iCRM\iCRM\iCRM.Services.CRM.Test\Deals\DealTest.cs:line 716&#xA;"/>
      </testcase>
      <testcase time="0" name="GetDealContactModels"
                classname="iCRM.Services.CRM.Test.DealTest">
         <failure message="Test method iCRM.Services.CRM.Test.DealTest.GetDealContactModels threw exception: &#xA;System.Exception: Assigning the value False on property new_isfeg entity Microsoft.Xrm.Client.CrmEntity to raise an exception. ---&gt; System.ArgumentException: The property logical name 'new_isfeg' does not exist. Ensure you have typed the name correctly or review your CRM schema.&#xA;Parameter name: propertyLogicalName&#xA;    at Microsoft.Xrm.Client.CrmEntity.SetPropertyValue(String propertyLogicalName, Object value)&#xA;   at Microsoft.Xrm.Client.CrmEntity.Microsoft.Xrm.Client.ICrmEntity.SetPropertyValue(String propertyLogicalName, Object value)&#xA;   at iCRM.Services.CRM.Extensions.ICrmEntityExtensions.iCrmSetPropertyValue(ICrmEntity entity, String propertyLogicalName, Object value) in d:\Applis\Jenkins\workspace\crm client main continuous\iCRM\iCRM\iCRM.Services.CRM\Helper\ICrmEntityExtensions.cs:line 149&#xA; --- End of inner exception stack trace ---&#xA;    at iCRM.Services.CRM.Extensions.ICrmEntityExtensions.iCrmSetPropertyValue(ICrmEntity entity, String propertyLogicalName, Object value) in d:\Applis\Jenkins\workspace\crm client main continuous\iCRM\iCRM\iCRM.Services.CRM\Helper\ICrmEntityExtensions.cs:line 153&#xA;   at iCRM.Services.CRM.Extensions.ICrmEntityExtensions.SetByModelStandardAttributes(ICrmEntity entity, DealModel model) in d:\Applis\Jenkins\workspace\crm client main continuous\iCRM\iCRM\iCRM.Services.CRM\Helper\ICrmEntityExtensions.Deal.cs:line 1090&#xA;   at iCRM.Services.CRM.Extensions.ICrmEntityExtensions.SetByModel(ICrmEntity entity, DealModel model, Boolean entityIdRequired) in d:\Applis\Jenkins\workspace\crm client main continuous\iCRM\iCRM\iCRM.Services.CRM\Helper\ICrmEntityExtensions.Deal.cs:line 1067&#xA;   at iCRM.Services.CRM.iCRMDealService.CreateDeal(DealModel DealToCreate) in d:\Applis\Jenkins\workspace\crm client main continuous\iCRM\iCRM\iCRM.Services.CRM\Modules\Deals\iCRMDealService.Deal.cs:line 1856&#xA;   at iCRM.Services.CRM.Test.DealTest.GetDealContactModels() in d:\Applis\Jenkins\workspace\crm client main continuous\iCRM\iCRM\iCRM.Services.CRM.Test\Deals\DealTest.cs:line 551&#xA;"/>
      </testcase>
      <testcase time="0" name="GetDealContactsAsyncTest"
                classname="iCRM.Services.CRM.Test.DealTest">
         <failure message="Test method iCRM.Services.CRM.Test.DealTest.GetDealContactsAsyncTest threw exception: &#xA;System.Exception: Assigning the value False on property new_isfeg entity Microsoft.Xrm.Client.CrmEntity to raise an exception. ---&gt; System.ArgumentException: The property logical name 'new_isfeg' does not exist. Ensure you have typed the name correctly or review your CRM schema.&#xA;Parameter name: propertyLogicalName&#xA;    at Microsoft.Xrm.Client.CrmEntity.SetPropertyValue(String propertyLogicalName, Object value)&#xA;   at Microsoft.Xrm.Client.CrmEntity.Microsoft.Xrm.Client.ICrmEntity.SetPropertyValue(String propertyLogicalName, Object value)&#xA;   at iCRM.Services.CRM.Extensions.ICrmEntityExtensions.iCrmSetPropertyValue(ICrmEntity entity, String propertyLogicalName, Object value) in d:\Applis\Jenkins\workspace\crm client main continuous\iCRM\iCRM\iCRM.Services.CRM\Helper\ICrmEntityExtensions.cs:line 149&#xA; --- End of inner exception stack trace ---&#xA;    at iCRM.Services.CRM.Extensions.ICrmEntityExtensions.iCrmSetPropertyValue(ICrmEntity entity, String propertyLogicalName, Object value) in d:\Applis\Jenkins\workspace\crm client main continuous\iCRM\iCRM\iCRM.Services.CRM\Helper\ICrmEntityExtensions.cs:line 153&#xA;   at iCRM.Services.CRM.Extensions.ICrmEntityExtensions.SetByModelStandardAttributes(ICrmEntity entity, DealModel model) in d:\Applis\Jenkins\workspace\crm client main continuous\iCRM\iCRM\iCRM.Services.CRM\Helper\ICrmEntityExtensions.Deal.cs:line 1090&#xA;   at iCRM.Services.CRM.Extensions.ICrmEntityExtensions.SetByModel(ICrmEntity entity, DealModel model, Boolean entityIdRequired) in d:\Applis\Jenkins\workspace\crm client main continuous\iCRM\iCRM\iCRM.Services.CRM\Helper\ICrmEntityExtensions.Deal.cs:line 1067&#xA;   at iCRM.Services.CRM.iCRMDealService.CreateDeal(DealModel DealToCreate) in d:\Applis\Jenkins\workspace\crm client main continuous\iCRM\iCRM\iCRM.Services.CRM\Modules\Deals\iCRMDealService.Deal.cs:line 1856&#xA;   at iCRM.Services.CRM.Test.DealTest.GetDealContactsAsyncTest() in d:\Applis\Jenkins\workspace\crm client main continuous\iCRM\iCRM\iCRM.Services.CRM.Test\Deals\DealTest.cs:line 1348&#xA;"/>
      </testcase>
      <testcase time="0" name="GetContactModelById" classname="iCRM.Services.CRM.Test.DealTest">
         <failure message="Test method iCRM.Services.CRM.Test.DealTest.GetContactModelById threw exception: &#xA;System.Exception: Assigning the value False on property new_isfeg entity Microsoft.Xrm.Client.CrmEntity to raise an exception. ---&gt; System.ArgumentException: The property logical name 'new_isfeg' does not exist. Ensure you have typed the name correctly or review your CRM schema.&#xA;Parameter name: propertyLogicalName&#xA;    at Microsoft.Xrm.Client.CrmEntity.SetPropertyValue(String propertyLogicalName, Object value)&#xA;   at Microsoft.Xrm.Client.CrmEntity.Microsoft.Xrm.Client.ICrmEntity.SetPropertyValue(String propertyLogicalName, Object value)&#xA;   at iCRM.Services.CRM.Extensions.ICrmEntityExtensions.iCrmSetPropertyValue(ICrmEntity entity, String propertyLogicalName, Object value) in d:\Applis\Jenkins\workspace\crm client main continuous\iCRM\iCRM\iCRM.Services.CRM\Helper\ICrmEntityExtensions.cs:line 149&#xA; --- End of inner exception stack trace ---&#xA;    at iCRM.Services.CRM.Extensions.ICrmEntityExtensions.iCrmSetPropertyValue(ICrmEntity entity, String propertyLogicalName, Object value) in d:\Applis\Jenkins\workspace\crm client main continuous\iCRM\iCRM\iCRM.Services.CRM\Helper\ICrmEntityExtensions.cs:line 153&#xA;   at iCRM.Services.CRM.Extensions.ICrmEntityExtensions.SetByModelStandardAttributes(ICrmEntity entity, DealModel model) in d:\Applis\Jenkins\workspace\crm client main continuous\iCRM\iCRM\iCRM.Services.CRM\Helper\ICrmEntityExtensions.Deal.cs:line 1090&#xA;   at iCRM.Services.CRM.Extensions.ICrmEntityExtensions.SetByModel(ICrmEntity entity, DealModel model, Boolean entityIdRequired) in d:\Applis\Jenkins\workspace\crm client main continuous\iCRM\iCRM\iCRM.Services.CRM\Helper\ICrmEntityExtensions.Deal.cs:line 1067&#xA;   at iCRM.Services.CRM.iCRMDealService.CreateDeal(DealModel DealToCreate) in d:\Applis\Jenkins\workspace\crm client main continuous\iCRM\iCRM\iCRM.Services.CRM\Modules\Deals\iCRMDealService.Deal.cs:line 1856&#xA;   at iCRM.Services.CRM.Test.DealTest.GetContactModelById() in d:\Applis\Jenkins\workspace\crm client main continuous\iCRM\iCRM\iCRM.Services.CRM.Test\Deals\DealTest.cs:line 298&#xA;"/>
      </testcase>
      <testcase time="0" name="GetFavoriteDealContactModelsAsync"
                classname="iCRM.Services.CRM.Test.DealTest">
         <failure message="Test method iCRM.Services.CRM.Test.DealTest.GetFavoriteDealContactModelsAsync threw exception: &#xA;System.Exception: Assigning the value False on property new_isfeg entity Microsoft.Xrm.Client.CrmEntity to raise an exception. ---&gt; System.ArgumentException: The property logical name 'new_isfeg' does not exist. Ensure you have typed the name correctly or review your CRM schema.&#xA;Parameter name: propertyLogicalName&#xA;    at Microsoft.Xrm.Client.CrmEntity.SetPropertyValue(String propertyLogicalName, Object value)&#xA;   at Microsoft.Xrm.Client.CrmEntity.Microsoft.Xrm.Client.ICrmEntity.SetPropertyValue(String propertyLogicalName, Object value)&#xA;   at iCRM.Services.CRM.Extensions.ICrmEntityExtensions.iCrmSetPropertyValue(ICrmEntity entity, String propertyLogicalName, Object value) in d:\Applis\Jenkins\workspace\crm client main continuous\iCRM\iCRM\iCRM.Services.CRM\Helper\ICrmEntityExtensions.cs:line 149&#xA; --- End of inner exception stack trace ---&#xA;    at iCRM.Services.CRM.Extensions.ICrmEntityExtensions.iCrmSetPropertyValue(ICrmEntity entity, String propertyLogicalName, Object value) in d:\Applis\Jenkins\workspace\crm client main continuous\iCRM\iCRM\iCRM.Services.CRM\Helper\ICrmEntityExtensions.cs:line 153&#xA;   at iCRM.Services.CRM.Extensions.ICrmEntityExtensions.SetByModelStandardAttributes(ICrmEntity entity, DealModel model) in d:\Applis\Jenkins\workspace\crm client main continuous\iCRM\iCRM\iCRM.Services.CRM\Helper\ICrmEntityExtensions.Deal.cs:line 1090&#xA;   at iCRM.Services.CRM.Extensions.ICrmEntityExtensions.SetByModel(ICrmEntity entity, DealModel model, Boolean entityIdRequired) in d:\Applis\Jenkins\workspace\crm client main continuous\iCRM\iCRM\iCRM.Services.CRM\Helper\ICrmEntityExtensions.Deal.cs:line 1067&#xA;   at iCRM.Services.CRM.iCRMDealService.CreateDeal(DealModel DealToCreate) in d:\Applis\Jenkins\workspace\crm client main continuous\iCRM\iCRM\iCRM.Services.CRM\Modules\Deals\iCRMDealService.Deal.cs:line 1856&#xA;   at iCRM.Services.CRM.Test.DealTest.GetFavoriteDealContactModelsAsync() in d:\Applis\Jenkins\workspace\crm client main continuous\iCRM\iCRM\iCRM.Services.CRM.Test\Deals\DealTest.cs:line 489&#xA;"/>
      </testcase>
      <testcase time="0" name="GetFavoriteDealContactModels"
                classname="iCRM.Services.CRM.Test.DealTest">
         <failure message="Test method iCRM.Services.CRM.Test.DealTest.GetFavoriteDealContactModels threw exception: &#xA;System.Exception: Assigning the value False on property new_isfeg entity Microsoft.Xrm.Client.CrmEntity to raise an exception. ---&gt; System.ArgumentException: The property logical name 'new_isfeg' does not exist. Ensure you have typed the name correctly or review your CRM schema.&#xA;Parameter name: propertyLogicalName&#xA;    at Microsoft.Xrm.Client.CrmEntity.SetPropertyValue(String propertyLogicalName, Object value)&#xA;   at Microsoft.Xrm.Client.CrmEntity.Microsoft.Xrm.Client.ICrmEntity.SetPropertyValue(String propertyLogicalName, Object value)&#xA;   at iCRM.Services.CRM.Extensions.ICrmEntityExtensions.iCrmSetPropertyValue(ICrmEntity entity, String propertyLogicalName, Object value) in d:\Applis\Jenkins\workspace\crm client main continuous\iCRM\iCRM\iCRM.Services.CRM\Helper\ICrmEntityExtensions.cs:line 149&#xA; --- End of inner exception stack trace ---&#xA;    at iCRM.Services.CRM.Extensions.ICrmEntityExtensions.iCrmSetPropertyValue(ICrmEntity entity, String propertyLogicalName, Object value) in d:\Applis\Jenkins\workspace\crm client main continuous\iCRM\iCRM\iCRM.Services.CRM\Helper\ICrmEntityExtensions.cs:line 153&#xA;   at iCRM.Services.CRM.Extensions.ICrmEntityExtensions.SetByModelStandardAttributes(ICrmEntity entity, DealModel model) in d:\Applis\Jenkins\workspace\crm client main continuous\iCRM\iCRM\iCRM.Services.CRM\Helper\ICrmEntityExtensions.Deal.cs:line 1090&#xA;   at iCRM.Services.CRM.Extensions.ICrmEntityExtensions.SetByModel(ICrmEntity entity, DealModel model, Boolean entityIdRequired) in d:\Applis\Jenkins\workspace\crm client main continuous\iCRM\iCRM\iCRM.Services.CRM\Helper\ICrmEntityExtensions.Deal.cs:line 1067&#xA;   at iCRM.Services.CRM.iCRMDealService.CreateDeal(DealModel DealToCreate) in d:\Applis\Jenkins\workspace\crm client main continuous\iCRM\iCRM\iCRM.Services.CRM\Modules\Deals\iCRMDealService.Deal.cs:line 1856&#xA;   at iCRM.Services.CRM.Test.DealTest.GetFavoriteDealContactModels() in d:\Applis\Jenkins\workspace\crm client main continuous\iCRM\iCRM\iCRM.Services.CRM.Test\Deals\DealTest.cs:line 458&#xA;"/>
      </testcase>
      <testcase time="0" name="GetUsersFavoriteContacts"
                classname="iCRM.Services.CRM.Test.DealTest">
[...]
CTCoverage         : False
CTPrivate          : False
CTPublic           : False

ResultingVisibility           : My Team
CTCoverage                    : False
CTPrivate                     : False
CTPublic                      : False
&#xD;
------------------------- Debug Trace -------------------------&#xD;
 do - 
 do - 
</system-out>
      </testcase>
      <testcase time="0" name="TestDefaultVisibilityMeeting"
                classname="iCRM.ViewModels.Test.MeetingViewModelTest">
         <system-out>&#xD;
------------------------- Console Output -------------------------&#xD;
--------------------------------------
TEST CASE
ApplicationProfile : GLFI
HasCustomer        : True
ASIEUser           : False
ASIERestriction    : True
ExpectedVisibility : MyTeam
CTCoverage         : False
CTPrivate          : False
CTPublic           : False

ResultingVisibility           : My Team
CTCoverage                    : False
CTPrivate                     : False
CTPublic                      : False
&#xD;
------------------------- Debug Trace -------------------------&#xD;
 do - 
 do - 
</system-out>
      </testcase>
      <testcase time="0" name="TestDefaultVisibilityMeeting"
                classname="iCRM.ViewModels.Test.MeetingViewModelTest">
         <system-out>&#xD;
------------------------- Console Output -------------------------&#xD;
--------------------------------------
TEST CASE
ApplicationProfile : CTY
HasCustomer        : True
ASIEUser           : False
ASIERestriction    : True
ExpectedVisibility : MyTeam
CTCoverage         : False
CTPrivate          : False
CTPublic           : False

ResultingVisibility           : My Team
CTCoverage                    : False
CTPrivate                     : False
CTPublic                      : False
&#xD;
------------------------- Debug Trace -------------------------&#xD;
 do - 
 do - 
</system-out>
      </testcase>
      <testcase time="0" name="TestDefaultVisibilityMeeting"
                classname="iCRM.ViewModels.Test.MeetingViewModelTest">
         <system-out>&#xD;
------------------------- Console Output -------------------------&#xD;
--------------------------------------
TEST CASE
ApplicationProfile : FIC
HasCustomer        : True
ASIEUser           : True
ASIERestriction    : True
ExpectedVisibility : MyTeam
CTCoverage         : False
CTPrivate          : False
CTPublic           : False

ResultingVisibility           : My Team
CTCoverage                    : False
CTPrivate                     : False
CTPublic                      : False
&#xD;
------------------------- Debug Trace -------------------------&#xD;
 do - 
 do - 
</system-out>
      </testcase>
      <testcase time="0" name="TestDefaultVisibilityMeeting"
                classname="iCRM.ViewModels.Test.MeetingViewModelTest">
         <system-out>&#xD;
------------------------- Console Output -------------------------&#xD;
--------------------------------------
TEST CASE
ApplicationProfile : SOL
HasCustomer        : True
ASIEUser           : True
ASIERestriction    : True
ExpectedVisibility : MyTeam
CTCoverage         : False
CTPrivate          : False
CTPublic           : False

ResultingVisibility           : My Team
CTCoverage                    : False
CTPrivate                     : False
CTPublic                      : False
&#xD;
------------------------- Debug Trace -------------------------&#xD;
 do - 
 do - 
</system-out>
      </testcase>
      <testcase time="0" name="TestDefaultVisibilityMeeting"
                classname="iCRM.ViewModels.Test.MeetingViewModelTest">
         <system-out>&#xD;
------------------------- Console Output -------------------------&#xD;
--------------------------------------
TEST CASE
ApplicationProfile : LYXOR
HasCustomer        : True
ASIEUser           : True
ASIERestriction    : True
ExpectedVisibility : Confidential
CTCoverage         : False
CTPrivate          : False
CTPublic           : False

ResultingVisibility           : Confidential
CTCoverage                    : False
CTPrivate                     : False
CTPublic                      : False
&#xD;
------------------------- Debug Trace -------------------------&#xD;
 do - 
 do - 
</system-out>
      </testcase>
      <testcase time="0" name="TestDefaultVisibilityMeeting"
                classname="iCRM.ViewModels.Test.MeetingViewModelTest">
         <system-out>&#xD;
------------------------- Console Output -------------------------&#xD;
--------------------------------------
TEST CASE
ApplicationProfile : IFD
HasCustomer        : True
ASIEUser           : True
ASIERestriction    : True
ExpectedVisibility : MyTeam
CTCoverage         : False
CTPrivate          : False
CTPublic           : False

ResultingVisibility           : My Team
CTCoverage                    : False
CTPrivate                     : False
CTPublic                      : False
&#xD;
------------------------- Debug Trace -------------------------&#xD;
 do - 
 do - 
</system-out>
      </testcase>
      <testcase time="0" name="TestDefaultVisibilityMeeting"
                classname="iCRM.ViewModels.Test.MeetingViewModelTest">
         <system-out>&#xD;
------------------------- Console Output -------------------------&#xD;
--------------------------------------
TEST CASE
ApplicationProfile : CORI
HasCustomer        : True
ASIEUser           : True
ASIERestriction    : True
ExpectedVisibility : MyTeam
CTCoverage         : False
CTPrivate          : False
CTPublic           : False

ResultingVisibility           : My Team
CTCoverage                    : False
CTPrivate                     : False
CTPublic                      : False
&#xD;
------------------------- Debug Trace -------------------------&#xD;
 do - 
 do - 
</system-out>
      </testcase>
      <testcase time="0" name="TestDefaultVisibilityMeeting"
                classname="iCRM.ViewModels.Test.MeetingViewModelTest">
         <system-out>&#xD;
------------------------- Console Output -------------------------&#xD;
--------------------------------------
TEST CASE
ApplicationProfile : GLFI
HasCustomer        : True
ASIEUser           : True
ASIERestriction    : True
ExpectedVisibility : MyTeam
CTCoverage         : False
CTPrivate          : False
CTPublic           : False

ResultingVisibility           : My Team
CTCoverage                    : False
CTPrivate                     : False
CTPublic                      : False
&#xD;
------------------------- Debug Trace -------------------------&#xD;
 do - 
 do - 
</system-out>
      </testcase>
      <testcase time="0" name="TestDefaultVisibilityMeeting"
                classname="iCRM.ViewModels.Test.MeetingViewModelTest">
         <system-out>&#xD;
------------------------- Console Output -------------------------&#xD;
--------------------------------------
TEST CASE
ApplicationProfile : CTY
HasCustomer        : True
ASIEUser           : True
ASIERestriction    : True
ExpectedVisibility : MyTeam
CTCoverage         : False
CTPrivate          : False
CTPublic           : False

ResultingVisibility           : My Team
CTCoverage                    : False
CTPrivate                     : False
CTPublic                      : False
&#xD;
------------------------- Debug Trace -------------------------&#xD;
 do - 
 do - 
</system-out>
      </testcase>
      <testcase time="0" name="TestDefaultVisibilityMeeting"
                classname="iCRM.ViewModels.Test.MeetingViewModelTest">
         <system-out>&#xD;
------------------------- Console Output -------------------------&#xD;
--------------------------------------
TEST CASE
ApplicationProfile : FIC
HasCustomer        : False
ASIEUser           : False
ASIERestriction    : True
ExpectedVisibility : MyTeam
CTCoverage         : False
CTPrivate          : False
CTPublic           : False

ResultingVisibility           : My Team
CTCoverage                    : False
CTPrivate                     : False
CTPublic                      : False
&#xD;
------------------------- Debug Trace -------------------------&#xD;
 do - 
 do - 
</system-out>
      </testcase>
      <testcase time="0" name="TestDefaultVisibilityMeeting"
                classname="iCRM.ViewModels.Test.MeetingViewModelTest">
         <system-out>&#xD;
------------------------- Console Output -------------------------&#xD;
--------------------------------------
TEST CASE
ApplicationProfile : SOL
HasCustomer        : False
ASIEUser           : False
ASIERestriction    : True
ExpectedVisibility : MyTeam
CTCoverage         : False
CTPrivate          : False
CTPublic           : False

ResultingVisibility           : My Team
CTCoverage                    : False
CTPrivate                     : False
CTPublic                      : False
&#xD;
------------------------- Debug Trace -------------------------&#xD;
 do - 
 do - 
</system-out>
      </testcase>
      <testcase time="0" name="TestDefaultVisibilityMeeting"
                classname="iCRM.ViewModels.Test.MeetingViewModelTest">
         <system-out>&#xD;
------------------------- Console Output -------------------------&#xD;
--------------------------------------
TEST CASE
ApplicationProfile : LYXOR
HasCustomer        : False
ASIEUser           : False
ASIERestriction    : True
ExpectedVisibility : Confidential
CTCoverage         : False
CTPrivate          : False
CTPublic           : False

ResultingVisibility           : Confidential
CTCoverage                    : False
CTPrivate                     : False
CTPublic                      : False
&#xD;
------------------------- Debug Trace -------------------------&#xD;
 do - 
 do - 
</system-out>
      </testcase>
      <testcase time="0" name="TestDefaultVisibilityMeeting"
                classname="iCRM.ViewModels.Test.MeetingViewModelTest">
         <system-out>&#xD;
------------------------- Console Output -------------------------&#xD;
--------------------------------------
TEST CASE
ApplicationProfile : IFD
HasCustomer        : False
ASIEUser           : False
ASIERestriction    : True
ExpectedVisibility : MyTeam
CTCoverage         : False
CTPrivate          : False
CTPublic           : False

ResultingVisibility           : My Team
CTCoverage                    : False
CTPrivate                     : False
CTPublic                      : False
&#xD;
------------------------- Debug Trace -------------------------&#xD;
 do - 
 do - 
</system-out>
      </testcase>
      <testcase time="0" name="TestDefaultVisibilityMeeting"
                classname="iCRM.ViewModels.Test.MeetingViewModelTest">
         <system-out>&#xD;
------------------------- Console Output -------------------------&#xD;
--------------------------------------
TEST CASE
ApplicationProfile : CORI
HasCustomer        : False
ASIEUser           : False
ASIERestriction    : True
ExpectedVisibility : MyTeam
CTCoverage         : False
CTPrivate          : False
CTPublic           : False

ResultingVisibility           : My Team
CTCoverage                    : False
CTPrivate                     : False
CTPublic                      : False
&#xD;
------------------------- Debug Trace -------------------------&#xD;
 do - 
 do - 
</system-out>
      </testcase>
      <testcase time="0" name="TestDefaultVisibilityMeeting"
                classname="iCRM.ViewModels.Test.MeetingViewModelTest">
         <system-out>&#xD;
------------------------- Console Output -------------------------&#xD;
--------------------------------------
TEST CASE
ApplicationProfile : GLFI
HasCustomer        : False
ASIEUser           : False
ASIERestriction    : True
ExpectedVisibility : MyTeam
CTCoverage         : False
CTPrivate          : False
CTPublic           : False

ResultingVisibility           : My Team
CTCoverage                    : False
CTPrivate                     : False
CTPublic                      : False
&#xD;
------------------------- Debug Trace -------------------------&#xD;
 do - 
 do - 
</system-out>
      </testcase>
      <testcase time="0" name="TestDefaultVisibilityMeeting"
                classname="iCRM.ViewModels.Test.MeetingViewModelTest">
         <system-out>&#xD;
------------------------- Console Output -------------------------&#xD;
--------------------------------------
TEST CASE
ApplicationProfile : CTY
HasCustomer        : False
ASIEUser           : False
ASIERestriction    : True
ExpectedVisibility : MyTeam
CTCoverage         : False
CTPrivate          : False
CTPublic           : False

ResultingVisibility           : My Team
CTCoverage                    : False
CTPrivate                     : False
CTPublic                      : False
&#xD;
------------------------- Debug Trace -------------------------&#xD;
 do - 
 do - 
</system-out>
      </testcase>
   </testsuite>
   <testsuite skipped="0" failures="0" errors="0" time="0" tests="2"
              name="iCRM.ViewModels.Test.MeetingViewModelTest">
      <testcase time="0" name="CreateMeetingTest"
                classname="iCRM.ViewModels.Test.MeetingViewModelTest"/>
   </testsuite>
   <testsuite skipped="0" failures="0" errors="0" time="0" tests="2"
              name="iCRM.ViewModels.Test.MinutesDataTest">
      <testcase time="0" name="AvailableVisibilityTest"
                classname="iCRM.ViewModels.Test.MinutesDataTest"/>
      <testcase time="0" name="MinutesDataConstructorTest"
                classname="iCRM.ViewModels.Test.MinutesDataTest"/>
   </testsuite>
   <testsuite skipped="0" failures="0" errors="0" time="0" tests="2"
              name="iCRM.ViewModels.Test.PnLListViewModelTest">
      <testcase time="0" name="SimplePnLListViewModelTest"
                classname="iCRM.ViewModels.Test.PnLListViewModelTest"/>
      <testcase time="0" name="ValidateChoosePnLClientCommand"
                classname="iCRM.ViewModels.Test.PnLListViewModelTest"/>
   </testsuite>
   <testsuite skipped="0" failures="0" errors="0" time="0" tests="4"
              name="iCRM.ViewModels.Test.QuickSearchViewModelTest">
      <testcase time="0" name="AutoCompletePredicateTest"
                classname="iCRM.ViewModels.Test.QuickSearchViewModelTest"/>
      <testcase time="0" name="QuickSearchViewModelCtor"
                classname="iCRM.ViewModels.Test.QuickSearchViewModelTest"/>
      <testcase time="0" name="DoSearchCommandTest"
                classname="iCRM.ViewModels.Test.QuickSearchViewModelTest"/>
      <testcase time="0" name="AutoCompleteSearchCommandTest"
                classname="iCRM.ViewModels.Test.QuickSearchViewModelTest"/>
   </testsuite>
   <testsuite skipped="0" failures="0" errors="0" time="0" tests="1"
              name="iCRM.ViewModels.Test.Modules.Shell.ShellViewModelTest">
      <testcase time="0" name="TestShellViewModel"
                classname="iCRM.ViewModels.Test.Modules.Shell.ShellViewModelTest"/>
   </testsuite>
   <testsuite skipped="0" failures="0" errors="0" time="0" tests="3"
              name="iCRM.ViewModels.Test.DocumentDataTest">
      <testcase time="0" name="AvailableOtherDocumentTypesTest"
                classname="iCRM.ViewModels.Test.DocumentDataTest"/>
      <testcase time="0" name="AvailableDocumentTypesTest"
                classname="iCRM.ViewModels.Test.DocumentDataTest"/>
      <testcase time="0" name="DocumentDataConstructorTest"
                classname="iCRM.ViewModels.Test.DocumentDataTest"/>
   </testsuite>
   <testsuite skipped="0" failures="0" errors="0" time="0" tests="1"
              name="iCRM.ViewModels.Test.ContactDocumentViewModelTest">
      <testcase time="0" name="TestDefaultVisibilityContactDocument"
                classname="iCRM.ViewModels.Test.ContactDocumentViewModelTest">
         <system-out>&#xD;
------------------------- Console Output -------------------------&#xD;
--------------------------------------
TEST CASE
ApplicationProfile : SOL
ASIEUser           : True
ASIERestriction    : True
ExpectedVisibility : myteam
CTCoverage         : False
CTPrivate          : False
CTPublic           : False

ResultingVisibility           : My Team
CTCoverage                    : False
CTPrivate                     : False
CTPublic                      : False
&#xD;
------------------------- Debug Trace -------------------------&#xD;
 do - 
 do - 
 do - 
 do - 
</system-out>
      </testcase>
   </testsuite>
   <testsuite skipped="0" failures="0" errors="0" time="0" tests="2"
              name="iCRM.ViewModels.Test.ContactDocumentViewModelTest">
      <testcase time="0" name="TestDefaultVisibilityUnitaire"
                classname="iCRM.ViewModels.Test.ContactDocumentViewModelTest">
         <system-out>&#xD;
------------------------- Console Output -------------------------&#xD;
--------------------------------------
TEST CASE
ApplicationProfile : SOL
ASIEUser           : True
ASIERestriction    : True
ExpectedVisibility : myteam
CTCoverage         : False
CTPrivate          : False
CTPublic           : False

ResultingVisibility           : My Team
CTCoverage                    : False
CTPrivate                     : False
CTPublic                      : False
&#xD;
------------------------- Debug Trace -------------------------&#xD;
 do - 
 do - 
 do - 
 do - 
</system-out>
      </testcase>
   </testsuite>
   <testsuite skipped="0" failures="0" errors="0" time="0" tests="1"
              name="iCRM.ViewModels.Test.PortfolioViewModelTest">
      <testcase time="0" name="CreatePortfolio"
                classname="iCRM.ViewModels.Test.PortfolioViewModelTest"/>
   </testsuite>
   <testsuite skipped="0" failures="0" errors="0" time="0" tests="1"
              name="iCRM.ViewModels.Test.MinutesOwnerListViewModelTest">
      <testcase time="0" name="TestLazyLoadItems"
                classname="iCRM.ViewModels.Test.MinutesOwnerListViewModelTest"/>
   </testsuite>
   <testsuite skipped="0" failures="0" errors="0" time="0" tests="3"
              name="iCRM.ViewModels.Test.PitchTasksListViewModelTest">
      <testcase time="0" name="RefreshMessageSink"
                classname="iCRM.ViewModels.Test.PitchTasksListViewModelTest"/>
      <testcase time="0" name="AddNewTaskCommand"
                classname="iCRM.ViewModels.Test.PitchTasksListViewModelTest"/>
      <testcase time="0" name="LazyLoadTest"
                classname="iCRM.ViewModels.Test.PitchTasksListViewModelTest"/>
   </testsuite>
   <testsuite skipped="0" failures="0" errors="0" time="0" tests="1"
              name="iCRM.ViewModels.Test.HomeViewModelTest">
      <testcase time="0" name="HomeViewModelTests"
                classname="iCRM.ViewModels.Test.HomeViewModelTest"/>
   </testsuite>
   <testsuite skipped="0" failures="0" errors="0" time="0" tests="2"
              name="iCRM.ViewModels.Test.CustomerCommercialStructureRelatedDataViewModelTest">
      <testcase time="0" name="CustomerCommercialStructureRelatedDataViewModelCtorTest"
                classname="iCRM.ViewModels.Test.CustomerCommercialStructureRelatedDataViewModelTest"/>
      <testcase time="0" name="CanRefreshListCommandTest"
                classname="iCRM.ViewModels.Test.CustomerCommercialStructureRelatedDataViewModelTest"/>
   </testsuite>
   <testsuite skipped="0" failures="0" errors="0" time="0" tests="1"
              name="iCRM.ViewModels.Test.MyCustomListsViewModelTest">
      <testcase time="0" name="MyCustomListsViewModelConstructorTest"
                classname="iCRM.ViewModels.Test.MyCustomListsViewModelTest"/>
   </testsuite>
   <testsuite skipped="0" failures="0" errors="0" time="0" tests="3"
              name="iCRM.Services.iCRM.Tests.iCRMUserSessionContextProviderTest">
      <testcase time="0" name="GetItemTest"
                classname="iCRM.Services.iCRM.Tests.iCRMUserSessionContextProviderTest"/>
      <testcase time="0" name="ExternalApplicationConverterBaseTest"
                classname="iCRM.Services.iCRM.Tests.iCRMUserSessionContextProviderTest"/>
      <testcase time="0" name="iCRMUserSessionContextProviderConstructorTest"
                classname="iCRM.Services.iCRM.Tests.iCRMUserSessionContextProviderTest"/>
   </testsuite>
</testsuites>