<?xml version='1.0' ?>
<testsuites xmlns:a="http://www.gallio.org/"><testsuite skipped="0" failures="0" errors="0" time="0.2482614" tests="2" name="UnitTests.MainClassTest"><testcase time="0.1096625" name="TestMethodUpdateValue" classname="UnitTests.MainClassTest"/><testcase time="0.0299269" name="TestPropertyValue" classname="UnitTests.MainClassTest"/></testsuite><testsuite skipped="2" failures="2" errors="0" time="0.87265419999999994" tests="6" name="NUnit.TestNUnit"><testcase time="0.0217812" name="TestNunit2" classname="NUnit.TestNUnit"/><testcase time="0.4452364" name="TestNunitError" classname="NUnit.TestNUnit"><failure message=""></failure></testcase><testcase time="0.2321434" name="TestNunitFail" classname="NUnit.TestNUnit"><failure message=""></failure></testcase><testcase time="0.0281714" name="TestSuccess" classname="NUnit.TestNUnit"/></testsuite></testsuites>